/hpc2hdd/home/jpan305/miniconda3/envs/occ/lib/python3.7/site-packages/torch/distributed/launch.py:186: FutureWarning: The module torch.distributed.launch is deprecated
and will be removed in future. Use torchrun.
Note that --use_env is set by default in torchrun.
If your script expects `--local_rank` argument to be set, please
change it to read from `os.environ['LOCAL_RANK']` instead. See 
https://pytorch.org/docs/stable/distributed.html#launch-utility for 
further instructions

  FutureWarning,
WARNING:torch.distributed.run:
*****************************************
Setting OMP_NUM_THREADS environment variable for each process to be 1 in default, to avoid your system being overloaded, please further tune the variable for optimal performance in your application as needed. 
*****************************************
Traceback (most recent call last):
  File "/hpc2hdd/home/jpan305/miniconda3/envs/occ/lib/python3.7/runpy.py", line 193, in _run_module_as_main
    "__main__", mod_spec)
  File "/hpc2hdd/home/jpan305/miniconda3/envs/occ/lib/python3.7/runpy.py", line 85, in _run_code
    exec(code, run_globals)
  File "/hpc2hdd/home/jpan305/miniconda3/envs/occ/lib/python3.7/site-packages/torch/distributed/launch.py", line 193, in <module>
    main()
  File "/hpc2hdd/home/jpan305/miniconda3/envs/occ/lib/python3.7/site-packages/torch/distributed/launch.py", line 189, in main
    launch(args)
  File "/hpc2hdd/home/jpan305/miniconda3/envs/occ/lib/python3.7/site-packages/torch/distributed/launch.py", line 174, in launch
    run(args)
  File "/hpc2hdd/home/jpan305/miniconda3/envs/occ/lib/python3.7/site-packages/torch/distributed/run.py", line 713, in run
    )(*cmd_args)
  File "/hpc2hdd/home/jpan305/miniconda3/envs/occ/lib/python3.7/site-packages/torch/distributed/launcher/api.py", line 131, in __call__
    return launch_agent(self._config, self._entrypoint, list(args))
  File "/hpc2hdd/home/jpan305/miniconda3/envs/occ/lib/python3.7/site-packages/torch/distributed/launcher/api.py", line 252, in launch_agent
    result = agent.run()
  File "/hpc2hdd/home/jpan305/miniconda3/envs/occ/lib/python3.7/site-packages/torch/distributed/elastic/metrics/api.py", line 125, in wrapper
    result = f(*args, **kwargs)
  File "/hpc2hdd/home/jpan305/miniconda3/envs/occ/lib/python3.7/site-packages/torch/distributed/elastic/agent/server/api.py", line 709, in run
    result = self._invoke_run(role)
  File "/hpc2hdd/home/jpan305/miniconda3/envs/occ/lib/python3.7/site-packages/torch/distributed/elastic/agent/server/api.py", line 837, in _invoke_run
    self._initialize_workers(self._worker_group)
  File "/hpc2hdd/home/jpan305/miniconda3/envs/occ/lib/python3.7/site-packages/torch/distributed/elastic/metrics/api.py", line 125, in wrapper
    result = f(*args, **kwargs)
  File "/hpc2hdd/home/jpan305/miniconda3/envs/occ/lib/python3.7/site-packages/torch/distributed/elastic/agent/server/api.py", line 678, in _initialize_workers
    self._rendezvous(worker_group)
  File "/hpc2hdd/home/jpan305/miniconda3/envs/occ/lib/python3.7/site-packages/torch/distributed/elastic/metrics/api.py", line 125, in wrapper
    result = f(*args, **kwargs)
  File "/hpc2hdd/home/jpan305/miniconda3/envs/occ/lib/python3.7/site-packages/torch/distributed/elastic/agent/server/api.py", line 538, in _rendezvous
    store, group_rank, group_world_size = spec.rdzv_handler.next_rendezvous()
  File "/hpc2hdd/home/jpan305/miniconda3/envs/occ/lib/python3.7/site-packages/torch/distributed/elastic/rendezvous/static_tcp_rendezvous.py", line 61, in next_rendezvous
    multi_tenant=True,
RuntimeError: Address already in use
