/hpc2hdd/home/jpan305/miniconda3/envs/openocc/lib/python3.7/site-packages/torch/distributed/launch.py:186: FutureWarning: The module torch.distributed.launch is deprecated
and will be removed in future. Use torchrun.
Note that --use_env is set by default in torchrun.
If your script expects `--local_rank` argument to be set, please
change it to read from `os.environ['LOCAL_RANK']` instead. See 
https://pytorch.org/docs/stable/distributed.html#launch-utility for 
further instructions

  FutureWarning,
WARNING:torch.distributed.run:
*****************************************
Setting OMP_NUM_THREADS environment variable for each process to be 1 in default, to avoid your system being overloaded, please further tune the variable for optimal performance in your application as needed. 
*****************************************
2023-10-25 09:09:47,539 - mmdet - INFO - Environment info:
------------------------------------------------------------
sys.platform: linux
Python: 3.7.0 (default, Oct  9 2018, 10:31:47) [GCC 7.3.0]
CUDA available: True
GPU 0,1,2,3,4,5,6,7: NVIDIA A40
CUDA_HOME: /hpc2ssd/softwares/cuda/cuda-11.3
NVCC: Build cuda_11.3.r11.3/compiler.29920130_0
GCC: gcc (Ubuntu 9.4.0-1ubuntu1~20.04.2) 9.4.0
PyTorch: 1.10.1
PyTorch compiling details: PyTorch built with:
  - GCC 7.3
  - C++ Version: 201402
  - Intel(R) oneAPI Math Kernel Library Version 2021.4-Product Build 20210904 for Intel(R) 64 architecture applications
  - Intel(R) MKL-DNN v2.2.3 (Git Hash 7336ca9f055cf1bfa13efb658fe15dc9b41f0740)
  - OpenMP 201511 (a.k.a. OpenMP 4.5)
  - LAPACK is enabled (usually provided by MKL)
  - NNPACK is enabled
  - CPU capability usage: AVX512
  - CUDA Runtime 11.3
  - NVCC architecture flags: -gencode;arch=compute_37,code=sm_37;-gencode;arch=compute_50,code=sm_50;-gencode;arch=compute_60,code=sm_60;-gencode;arch=compute_61,code=sm_61;-gencode;arch=compute_70,code=sm_70;-gencode;arch=compute_75,code=sm_75;-gencode;arch=compute_80,code=sm_80;-gencode;arch=compute_86,code=sm_86;-gencode;arch=compute_37,code=compute_37
  - CuDNN 8.2
  - Magma 2.5.2
  - Build settings: BLAS_INFO=mkl, BUILD_TYPE=Release, CUDA_VERSION=11.3, CUDNN_VERSION=8.2.0, CXX_COMPILER=/opt/rh/devtoolset-7/root/usr/bin/c++, CXX_FLAGS= -Wno-deprecated -fvisibility-inlines-hidden -DUSE_PTHREADPOOL -fopenmp -DNDEBUG -DUSE_KINETO -DUSE_FBGEMM -DUSE_QNNPACK -DUSE_PYTORCH_QNNPACK -DUSE_XNNPACK -DSYMBOLICATE_MOBILE_DEBUG_HANDLE -DEDGE_PROFILER_USE_KINETO -O2 -fPIC -Wno-narrowing -Wall -Wextra -Werror=return-type -Wno-missing-field-initializers -Wno-type-limits -Wno-array-bounds -Wno-unknown-pragmas -Wno-sign-compare -Wno-unused-parameter -Wno-unused-variable -Wno-unused-function -Wno-unused-result -Wno-unused-local-typedefs -Wno-strict-overflow -Wno-strict-aliasing -Wno-error=deprecated-declarations -Wno-stringop-overflow -Wno-psabi -Wno-error=pedantic -Wno-error=redundant-decls -Wno-error=old-style-cast -fdiagnostics-color=always -faligned-new -Wno-unused-but-set-variable -Wno-maybe-uninitialized -fno-math-errno -fno-trapping-math -Werror=format -Wno-stringop-overflow, LAPACK_INFO=mkl, PERF_WITH_AVX=1, PERF_WITH_AVX2=1, PERF_WITH_AVX512=1, TORCH_VERSION=1.10.1, USE_CUDA=ON, USE_CUDNN=ON, USE_EXCEPTION_PTR=1, USE_GFLAGS=OFF, USE_GLOG=OFF, USE_MKL=ON, USE_MKLDNN=ON, USE_MPI=OFF, USE_NCCL=ON, USE_NNPACK=ON, USE_OPENMP=ON, 

TorchVision: 0.11.2
OpenCV: 4.8.0
MMCV: 1.4.0
MMCV Compiler: GCC 7.3
MMCV CUDA Compiler: 11.3
MMDetection: 2.14.0
MMSegmentation: 0.14.1
MMDetection3D: 0.17.1+5e630a3
------------------------------------------------------------

2023-10-25 09:09:48,852 - mmdet - INFO - Distributed training: True
2023-10-25 09:09:50,051 - mmdet - INFO - Config:
point_cloud_range = [-50, -50, -5.0, 50, 50, 3.0]
class_names = [
    'car', 'truck', 'construction_vehicle', 'bus', 'trailer', 'barrier',
    'motorcycle', 'bicycle', 'pedestrian', 'traffic_cone'
]
dataset_type = 'CustomNuScenesOccLSSDataset'
data_root = 'data/nuscenes'
input_modality = dict(
    use_lidar=True,
    use_camera=False,
    use_radar=False,
    use_map=False,
    use_external=False)
file_client_args = dict(backend='disk')
train_pipeline = [
    dict(type='LoadPointsFromFile', coord_type='LIDAR', load_dim=5, use_dim=5),
    dict(
        type='LoadPointsFromMultiSweeps',
        sweeps_num=10,
        file_client_args=dict(backend='disk')),
    dict(
        type='LoadMultiViewImageFromFiles_OccFormer',
        is_train=True,
        data_config=dict(
            cams=[
                'CAM_FRONT_LEFT', 'CAM_FRONT', 'CAM_FRONT_RIGHT',
                'CAM_BACK_LEFT', 'CAM_BACK', 'CAM_BACK_RIGHT'
            ],
            Ncams=6,
            input_size=(896, 1600),
            src_size=(900, 1600),
            resize=(0, 0),
            rot=(0, 0),
            flip=False,
            crop_h=(0.0, 0.0),
            resize_test=0.0),
        img_norm_cfg=dict(
            mean=[123.675, 116.28, 103.53],
            std=[58.395, 57.12, 57.375],
            to_rgb=True)),
    dict(type='CreateDepthFromLiDAR', dataset='nusc'),
    dict(
        type='LoadOccupancy',
        is_train=True,
        to_float32=True,
        use_semantic=True,
        occ_path='./data/nuscenes_occ',
        grid_size=[200, 200, 16],
        use_vel=False,
        unoccupied=0,
        pc_range=[-50, -50, -5.0, 50, 50, 3.0],
        cal_visible=False,
        bda_aug_conf=dict(
            rot_lim=(0, 0),
            scale_lim=(1, 1),
            flip_dx_ratio=0,
            flip_dy_ratio=0,
            flip_dz_ratio=0),
        cls_metas='projects/configs/_base_/nuscenes.yaml'),
    dict(
        type='OccDefaultFormatBundle3D',
        class_names=[
            'car', 'truck', 'construction_vehicle', 'bus', 'trailer',
            'barrier', 'motorcycle', 'bicycle', 'pedestrian', 'traffic_cone'
        ]),
    dict(
        type='Collect3D',
        keys=['gt_depths', 'gt_occ', 'points', 'points_occ'],
        meta_keys=['pc_range', 'occ_size'])
]
test_pipeline = [
    dict(type='LoadPointsFromFile', coord_type='LIDAR', load_dim=5, use_dim=5),
    dict(
        type='LoadPointsFromMultiSweeps',
        sweeps_num=10,
        file_client_args=dict(backend='disk')),
    dict(
        type='LoadMultiViewImageFromFiles_OccFormer',
        is_train=False,
        data_config=dict(
            cams=[
                'CAM_FRONT_LEFT', 'CAM_FRONT', 'CAM_FRONT_RIGHT',
                'CAM_BACK_LEFT', 'CAM_BACK', 'CAM_BACK_RIGHT'
            ],
            Ncams=6,
            input_size=(896, 1600),
            src_size=(900, 1600),
            resize=(0, 0),
            rot=(0, 0),
            flip=False,
            crop_h=(0.0, 0.0),
            resize_test=0.0),
        img_norm_cfg=dict(
            mean=[123.675, 116.28, 103.53],
            std=[58.395, 57.12, 57.375],
            to_rgb=True)),
    dict(
        type='LoadOccupancy',
        is_train=False,
        to_float32=True,
        use_semantic=True,
        occ_path='./data/nuscenes_occ',
        grid_size=[200, 200, 16],
        use_vel=False,
        unoccupied=0,
        pc_range=[-50, -50, -5.0, 50, 50, 3.0],
        cal_visible=False,
        bda_aug_conf=dict(
            rot_lim=(0, 0),
            scale_lim=(1, 1),
            flip_dx_ratio=0,
            flip_dy_ratio=0,
            flip_dz_ratio=0),
        cls_metas='projects/configs/_base_/nuscenes.yaml'),
    dict(
        type='OccDefaultFormatBundle3D',
        class_names=[
            'car', 'truck', 'construction_vehicle', 'bus', 'trailer',
            'barrier', 'motorcycle', 'bicycle', 'pedestrian', 'traffic_cone'
        ],
        with_label=False),
    dict(
        type='Collect3D',
        keys=['gt_depths', 'gt_occ', 'points', 'points_occ'],
        meta_keys=[
            'pc_range', 'occ_size', 'sample_idx', 'timestamp', 'scene_token',
            'img_filenames', 'scene_name'
        ])
]
eval_pipeline = [
    dict(
        type='LoadPointsFromFile',
        coord_type='LIDAR',
        load_dim=5,
        use_dim=5,
        file_client_args=dict(backend='disk')),
    dict(
        type='LoadPointsFromMultiSweeps',
        sweeps_num=10,
        file_client_args=dict(backend='disk')),
    dict(
        type='DefaultFormatBundle3D',
        class_names=[
            'car', 'truck', 'trailer', 'bus', 'construction_vehicle',
            'bicycle', 'motorcycle', 'pedestrian', 'traffic_cone', 'barrier'
        ],
        with_label=False),
    dict(type='Collect3D', keys=['points'])
]
data = dict(
    samples_per_gpu=1,
    workers_per_gpu=4,
    train=dict(
        type='CustomNuScenesOccLSSDataset',
        data_root='data/nuscenes',
        ann_file='data/nuscenes_infos_temporal_train.pkl',
        pipeline=[
            dict(
                type='LoadPointsFromFile',
                coord_type='LIDAR',
                load_dim=5,
                use_dim=5),
            dict(
                type='LoadPointsFromMultiSweeps',
                sweeps_num=10,
                file_client_args=dict(backend='disk')),
            dict(
                type='LoadMultiViewImageFromFiles_OccFormer',
                is_train=True,
                data_config=dict(
                    cams=[
                        'CAM_FRONT_LEFT', 'CAM_FRONT', 'CAM_FRONT_RIGHT',
                        'CAM_BACK_LEFT', 'CAM_BACK', 'CAM_BACK_RIGHT'
                    ],
                    Ncams=6,
                    input_size=(896, 1600),
                    src_size=(900, 1600),
                    resize=(0, 0),
                    rot=(0, 0),
                    flip=False,
                    crop_h=(0.0, 0.0),
                    resize_test=0.0),
                img_norm_cfg=dict(
                    mean=[123.675, 116.28, 103.53],
                    std=[58.395, 57.12, 57.375],
                    to_rgb=True)),
            dict(type='CreateDepthFromLiDAR', dataset='nusc'),
            dict(
                type='LoadOccupancy',
                is_train=True,
                to_float32=True,
                use_semantic=True,
                occ_path='./data/nuscenes_occ',
                grid_size=[200, 200, 16],
                use_vel=False,
                unoccupied=0,
                pc_range=[-50, -50, -5.0, 50, 50, 3.0],
                cal_visible=False,
                bda_aug_conf=dict(
                    rot_lim=(0, 0),
                    scale_lim=(1, 1),
                    flip_dx_ratio=0,
                    flip_dy_ratio=0,
                    flip_dz_ratio=0),
                cls_metas='projects/configs/_base_/nuscenes.yaml'),
            dict(
                type='OccDefaultFormatBundle3D',
                class_names=[
                    'car', 'truck', 'construction_vehicle', 'bus', 'trailer',
                    'barrier', 'motorcycle', 'bicycle', 'pedestrian',
                    'traffic_cone'
                ]),
            dict(
                type='Collect3D',
                keys=['gt_depths', 'gt_occ', 'points', 'points_occ'],
                meta_keys=['pc_range', 'occ_size'])
        ],
        classes=[
            'car', 'truck', 'construction_vehicle', 'bus', 'trailer',
            'barrier', 'motorcycle', 'bicycle', 'pedestrian', 'traffic_cone'
        ],
        modality=dict(
            use_lidar=True,
            use_camera=False,
            use_radar=False,
            use_map=False,
            use_external=False),
        test_mode=False,
        box_type_3d='LiDAR',
        occ_size=[200, 200, 16],
        pc_range=[-50, -50, -5.0, 50, 50, 3.0]),
    val=dict(
        type='CustomNuScenesOccLSSDataset',
        ann_file='data/nuscenes_infos_temporal_val.pkl',
        pipeline=[
            dict(
                type='LoadPointsFromFile',
                coord_type='LIDAR',
                load_dim=5,
                use_dim=5),
            dict(
                type='LoadPointsFromMultiSweeps',
                sweeps_num=10,
                file_client_args=dict(backend='disk')),
            dict(
                type='LoadMultiViewImageFromFiles_OccFormer',
                is_train=False,
                data_config=dict(
                    cams=[
                        'CAM_FRONT_LEFT', 'CAM_FRONT', 'CAM_FRONT_RIGHT',
                        'CAM_BACK_LEFT', 'CAM_BACK', 'CAM_BACK_RIGHT'
                    ],
                    Ncams=6,
                    input_size=(896, 1600),
                    src_size=(900, 1600),
                    resize=(0, 0),
                    rot=(0, 0),
                    flip=False,
                    crop_h=(0.0, 0.0),
                    resize_test=0.0),
                img_norm_cfg=dict(
                    mean=[123.675, 116.28, 103.53],
                    std=[58.395, 57.12, 57.375],
                    to_rgb=True)),
            dict(
                type='LoadOccupancy',
                is_train=False,
                to_float32=True,
                use_semantic=True,
                occ_path='./data/nuscenes_occ',
                grid_size=[200, 200, 16],
                use_vel=False,
                unoccupied=0,
                pc_range=[-50, -50, -5.0, 50, 50, 3.0],
                cal_visible=False,
                bda_aug_conf=dict(
                    rot_lim=(0, 0),
                    scale_lim=(1, 1),
                    flip_dx_ratio=0,
                    flip_dy_ratio=0,
                    flip_dz_ratio=0),
                cls_metas='projects/configs/_base_/nuscenes.yaml'),
            dict(
                type='OccDefaultFormatBundle3D',
                class_names=[
                    'car', 'truck', 'construction_vehicle', 'bus', 'trailer',
                    'barrier', 'motorcycle', 'bicycle', 'pedestrian',
                    'traffic_cone'
                ],
                with_label=False),
            dict(
                type='Collect3D',
                keys=['gt_depths', 'gt_occ', 'points', 'points_occ'],
                meta_keys=[
                    'pc_range', 'occ_size', 'sample_idx', 'timestamp',
                    'scene_token', 'img_filenames', 'scene_name'
                ])
        ],
        classes=[
            'car', 'truck', 'construction_vehicle', 'bus', 'trailer',
            'barrier', 'motorcycle', 'bicycle', 'pedestrian', 'traffic_cone'
        ],
        modality=dict(
            use_lidar=True,
            use_camera=False,
            use_radar=False,
            use_map=False,
            use_external=False),
        test_mode=True,
        box_type_3d='LiDAR',
        data_root='data/nuscenes',
        occ_size=[200, 200, 16],
        pc_range=[-50, -50, -5.0, 50, 50, 3.0]),
    test=dict(
        type='CustomNuScenesOccLSSDataset',
        data_root='data/nuscenes',
        ann_file='data/nuscenes_infos_temporal_val.pkl',
        pipeline=[
            dict(
                type='LoadPointsFromFile',
                coord_type='LIDAR',
                load_dim=5,
                use_dim=5),
            dict(
                type='LoadPointsFromMultiSweeps',
                sweeps_num=10,
                file_client_args=dict(backend='disk')),
            dict(
                type='LoadMultiViewImageFromFiles_OccFormer',
                is_train=False,
                data_config=dict(
                    cams=[
                        'CAM_FRONT_LEFT', 'CAM_FRONT', 'CAM_FRONT_RIGHT',
                        'CAM_BACK_LEFT', 'CAM_BACK', 'CAM_BACK_RIGHT'
                    ],
                    Ncams=6,
                    input_size=(896, 1600),
                    src_size=(900, 1600),
                    resize=(0, 0),
                    rot=(0, 0),
                    flip=False,
                    crop_h=(0.0, 0.0),
                    resize_test=0.0),
                img_norm_cfg=dict(
                    mean=[123.675, 116.28, 103.53],
                    std=[58.395, 57.12, 57.375],
                    to_rgb=True)),
            dict(
                type='LoadOccupancy',
                is_train=False,
                to_float32=True,
                use_semantic=True,
                occ_path='./data/nuscenes_occ',
                grid_size=[200, 200, 16],
                use_vel=False,
                unoccupied=0,
                pc_range=[-50, -50, -5.0, 50, 50, 3.0],
                cal_visible=False,
                bda_aug_conf=dict(
                    rot_lim=(0, 0),
                    scale_lim=(1, 1),
                    flip_dx_ratio=0,
                    flip_dy_ratio=0,
                    flip_dz_ratio=0),
                cls_metas='projects/configs/_base_/nuscenes.yaml'),
            dict(
                type='OccDefaultFormatBundle3D',
                class_names=[
                    'car', 'truck', 'construction_vehicle', 'bus', 'trailer',
                    'barrier', 'motorcycle', 'bicycle', 'pedestrian',
                    'traffic_cone'
                ],
                with_label=False),
            dict(
                type='Collect3D',
                keys=['gt_depths', 'gt_occ', 'points', 'points_occ'],
                meta_keys=[
                    'pc_range', 'occ_size', 'sample_idx', 'timestamp',
                    'scene_token', 'img_filenames', 'scene_name'
                ])
        ],
        classes=[
            'car', 'truck', 'construction_vehicle', 'bus', 'trailer',
            'barrier', 'motorcycle', 'bicycle', 'pedestrian', 'traffic_cone'
        ],
        modality=dict(
            use_lidar=True,
            use_camera=False,
            use_radar=False,
            use_map=False,
            use_external=False),
        test_mode=True,
        box_type_3d='LiDAR',
        occ_size=[200, 200, 16],
        pc_range=[-50, -50, -5.0, 50, 50, 3.0]),
    shuffler_sampler=dict(type='DistributedGroupSampler'),
    nonshuffler_sampler=dict(type='DistributedSampler'))
evaluation = dict(
    interval=1,
    pipeline=[
        dict(
            type='LoadPointsFromFile',
            coord_type='LIDAR',
            load_dim=5,
            use_dim=5),
        dict(
            type='LoadPointsFromMultiSweeps',
            sweeps_num=10,
            file_client_args=dict(backend='disk')),
        dict(
            type='LoadMultiViewImageFromFiles_OccFormer',
            is_train=False,
            data_config=dict(
                cams=[
                    'CAM_FRONT_LEFT', 'CAM_FRONT', 'CAM_FRONT_RIGHT',
                    'CAM_BACK_LEFT', 'CAM_BACK', 'CAM_BACK_RIGHT'
                ],
                Ncams=6,
                input_size=(896, 1600),
                src_size=(900, 1600),
                resize=(0, 0),
                rot=(0, 0),
                flip=False,
                crop_h=(0.0, 0.0),
                resize_test=0.0),
            img_norm_cfg=dict(
                mean=[123.675, 116.28, 103.53],
                std=[58.395, 57.12, 57.375],
                to_rgb=True)),
        dict(
            type='LoadOccupancy',
            is_train=False,
            to_float32=True,
            use_semantic=True,
            occ_path='./data/nuscenes_occ',
            grid_size=[200, 200, 16],
            use_vel=False,
            unoccupied=0,
            pc_range=[-50, -50, -5.0, 50, 50, 3.0],
            cal_visible=False,
            bda_aug_conf=dict(
                rot_lim=(0, 0),
                scale_lim=(1, 1),
                flip_dx_ratio=0,
                flip_dy_ratio=0,
                flip_dz_ratio=0),
            cls_metas='projects/configs/_base_/nuscenes.yaml'),
        dict(
            type='OccDefaultFormatBundle3D',
            class_names=[
                'car', 'truck', 'construction_vehicle', 'bus', 'trailer',
                'barrier', 'motorcycle', 'bicycle', 'pedestrian',
                'traffic_cone'
            ],
            with_label=False),
        dict(
            type='Collect3D',
            keys=['gt_depths', 'gt_occ', 'points', 'points_occ'],
            meta_keys=[
                'pc_range', 'occ_size', 'sample_idx', 'timestamp',
                'scene_token', 'img_filenames', 'scene_name'
            ])
    ],
    save_best='SSC_mean',
    rule='greater')
checkpoint_config = dict(interval=1, max_keep_ckpts=1)
log_config = dict(
    interval=50,
    hooks=[dict(type='TextLoggerHook'),
           dict(type='TensorboardLoggerHook')])
dist_params = dict(backend='nccl')
log_level = 'INFO'
work_dir = './work_dirs/cascade_voxel_nusc_lidar_d'
load_from = None
resume_from = None
workflow = [('train', 1)]
sync_bn = True
plugin = True
plugin_dir = 'projects/mmdet3d_plugin/'
img_norm_cfg = dict(
    mean=[123.675, 116.28, 103.53], std=[58.395, 57.12, 57.375], to_rgb=True)
occ_path = './data/nuscenes_occ'
num_class = 10
occ_size = [200, 200, 16]
lss_downsample = [2, 2, 2]
voxel_x = 0.5
voxel_y = 0.5
voxel_z = 0.5
voxel_size = [0.5, 0.5, 0.5]
scale = 16
grid_config = dict(
    xbound=[-50, 50, 1.0],
    ybound=[-50, 50, 1.0],
    zbound=[-5.0, 3.0, 1.0],
    dbound=[2.0, 58.0, 0.5])
data_config = dict(
    cams=[
        'CAM_FRONT_LEFT', 'CAM_FRONT', 'CAM_FRONT_RIGHT', 'CAM_BACK_LEFT',
        'CAM_BACK', 'CAM_BACK_RIGHT'
    ],
    Ncams=6,
    input_size=(896, 1600),
    src_size=(900, 1600),
    resize=(0, 0),
    rot=(0, 0),
    flip=False,
    crop_h=(0.0, 0.0),
    resize_test=0.0)
numC_Trans = 128
voxel_channels = [128, 256, 512, 1024]
voxel_channels_half = [64, 128, 256, 512]
voxel_num_layer = [2, 2, 2, 2]
voxel_strides = [1, 2, 2, 2]
voxel_out_indices = (0, 1, 2, 3)
voxel_out_channel = 256
voxel_out_channel_half = 128
norm_cfg = dict(type='GN', num_groups=32, requires_grad=True)
empty_idx = 0
num_cls = 17
visible_mask = False
cascade_ratio = 2
sample_from_voxel = True
sample_from_img = False
model = dict(
    type='NeRFOcc_L',
    loss_norm=True,
    voxel_size=[0.5, 0.5, 0.5],
    n_voxels=[200, 200, 16],
    aabb=([-51.2, -51.2, -5.0], [51.2, 51.2, 3.0]),
    near_far_range=[0.2, 50],
    N_samples=64,
    N_rand=2048,
    depth_supervise=True,
    use_nerf_mask=True,
    nerf_sample_view=6,
    squeeze_scale=4,
    scale=16,
    nerf_density=True,
    use_rendering=True,
    test_rendering=False,
    loss_voxel_ce_weight=1.0,
    loss_voxel_sem_scal_weight=1.0,
    loss_voxel_geo_scal_weight=1.0,
    loss_voxel_lovasz_weight=1.0,
    pts_voxel_layer=dict(
        max_num_points=10,
        point_cloud_range=[-50, -50, -5.0, 50, 50, 3.0],
        voxel_size=[0.1, 0.1, 0.1],
        max_voxels=(90000, 120000)),
    pts_voxel_encoder=dict(type='HardSimpleVFE', num_features=5),
    pts_middle_encoder=dict(
        type='SparseEncoderHD',
        in_channels=4,
        sparse_shape=[65, 800, 800],
        output_channels=128,
        order=('conv', 'norm', 'act'),
        encoder_channels=((16, 16, 32), (32, 32, 64), (64, 64, 128), (128,
                                                                      128)),
        encoder_paddings=((0, 0, 1), (0, 0, 1), (0, 0, [0, 1, 1]), (0, 0)),
        block_type='basicblock',
        fp16_enabled=False),
    pts_backbone=dict(
        type='SECOND3D',
        in_channels=[128, 128, 128],
        out_channels=[128, 256, 512],
        layer_nums=[5, 5, 5],
        layer_strides=[1, 2, 4],
        is_cascade=False,
        norm_cfg=dict(type='BN3d', eps=0.001, momentum=0.01),
        conv_cfg=dict(type='Conv3d', kernel=(1, 3, 3), bias=False)),
    pts_neck=dict(
        type='SECOND3DFPN',
        in_channels=[128, 256, 512],
        out_channels=[128, 128, 128],
        upsample_strides=[1, 2, 4],
        norm_cfg=dict(type='BN3d', eps=0.001, momentum=0.01),
        upsample_cfg=dict(type='deconv3d', bias=False),
        extra_conv=dict(type='Conv3d', num_conv=3, bias=False),
        use_conv_for_no_stride=True),
    density_encoder=dict(
        type='FPN3D_Render',
        with_cp=True,
        in_channels=[128, 256, 512, 1024],
        out_channels=256,
        norm_cfg=dict(type='SyncBN', requires_grad=True)),
    semantic_encoder=dict(
        type='CustomResNet3D',
        depth=18,
        n_input_channels=128,
        block_inplanes=[128, 256, 512, 1024],
        out_indices=(0, 1, 2, 3),
        norm_cfg=dict(type='SyncBN', requires_grad=True)),
    semantic_neck=dict(
        type='FPN3D',
        with_cp=True,
        in_channels=[128, 256, 512, 1024],
        out_channels=256,
        norm_cfg=dict(type='SyncBN', requires_grad=True)),
    pts_bbox_head=dict(
        type='OccHead',
        norm_cfg=dict(type='SyncBN', requires_grad=True),
        soft_weights=True,
        cascade_ratio=2,
        sample_from_voxel=True,
        sample_from_img=False,
        final_occ_size=[200, 200, 16],
        fine_topk=15000,
        empty_idx=0,
        num_level=4,
        in_channels=[256, 256, 256, 256],
        out_channel=17,
        point_cloud_range=[-50, -50, -5.0, 50, 50, 3.0],
        loss_weight_cfg=dict(
            loss_voxel_ce_weight=1.0,
            loss_voxel_sem_scal_weight=1.0,
            loss_voxel_geo_scal_weight=1.0,
            loss_voxel_lovasz_weight=1.0)),
    empty_idx=0)
nusc_class_metas = 'projects/configs/_base_/nuscenes.yaml'
bda_aug_conf = dict(
    rot_lim=(0, 0),
    scale_lim=(1, 1),
    flip_dx_ratio=0,
    flip_dy_ratio=0,
    flip_dz_ratio=0)
test_config = dict(
    type='CustomNuScenesOccLSSDataset',
    data_root='data/nuscenes',
    ann_file='data/nuscenes_infos_temporal_val.pkl',
    pipeline=[
        dict(
            type='LoadPointsFromFile',
            coord_type='LIDAR',
            load_dim=5,
            use_dim=5),
        dict(
            type='LoadPointsFromMultiSweeps',
            sweeps_num=10,
            file_client_args=dict(backend='disk')),
        dict(
            type='LoadMultiViewImageFromFiles_OccFormer',
            is_train=False,
            data_config=dict(
                cams=[
                    'CAM_FRONT_LEFT', 'CAM_FRONT', 'CAM_FRONT_RIGHT',
                    'CAM_BACK_LEFT', 'CAM_BACK', 'CAM_BACK_RIGHT'
                ],
                Ncams=6,
                input_size=(896, 1600),
                src_size=(900, 1600),
                resize=(0, 0),
                rot=(0, 0),
                flip=False,
                crop_h=(0.0, 0.0),
                resize_test=0.0),
            img_norm_cfg=dict(
                mean=[123.675, 116.28, 103.53],
                std=[58.395, 57.12, 57.375],
                to_rgb=True)),
        dict(
            type='LoadOccupancy',
            is_train=False,
            to_float32=True,
            use_semantic=True,
            occ_path='./data/nuscenes_occ',
            grid_size=[200, 200, 16],
            use_vel=False,
            unoccupied=0,
            pc_range=[-50, -50, -5.0, 50, 50, 3.0],
            cal_visible=False,
            bda_aug_conf=dict(
                rot_lim=(0, 0),
                scale_lim=(1, 1),
                flip_dx_ratio=0,
                flip_dy_ratio=0,
                flip_dz_ratio=0),
            cls_metas='projects/configs/_base_/nuscenes.yaml'),
        dict(
            type='OccDefaultFormatBundle3D',
            class_names=[
                'car', 'truck', 'construction_vehicle', 'bus', 'trailer',
                'barrier', 'motorcycle', 'bicycle', 'pedestrian',
                'traffic_cone'
            ],
            with_label=False),
        dict(
            type='Collect3D',
            keys=['gt_depths', 'gt_occ', 'points', 'points_occ'],
            meta_keys=[
                'pc_range', 'occ_size', 'sample_idx', 'timestamp',
                'scene_token', 'img_filenames', 'scene_name'
            ])
    ],
    classes=[
        'car', 'truck', 'construction_vehicle', 'bus', 'trailer', 'barrier',
        'motorcycle', 'bicycle', 'pedestrian', 'traffic_cone'
    ],
    modality=dict(
        use_lidar=True,
        use_camera=False,
        use_radar=False,
        use_map=False,
        use_external=False),
    occ_size=[200, 200, 16],
    pc_range=[-50, -50, -5.0, 50, 50, 3.0])
embed_multi = dict(lr_mult=1.0, decay_mult=0.0)
optimizer = dict(
    type='AdamW',
    lr=0.0001,
    weight_decay=0.01,
    eps=1e-08,
    betas=(0.9, 0.999),
    paramwise_cfg=dict(
        custom_keys=dict(
            query_embed=dict(lr_mult=1.0, decay_mult=0.0),
            query_feat=dict(lr_mult=1.0, decay_mult=0.0),
            level_embed=dict(lr_mult=1.0, decay_mult=0.0),
            absolute_pos_embed=dict(decay_mult=0.0),
            relative_position_bias_table=dict(decay_mult=0.0)),
        norm_decay_mult=0.0))
optimizer_config = dict(grad_clip=dict(max_norm=5, norm_type=2))
lr_config = dict(policy='step', step=[20, 23])
runner = dict(type='EpochBasedRunner', max_epochs=24)
gpu_ids = range(0, 8)

2023-10-25 09:09:50,054 - mmdet - INFO - Set random seed to 0, deterministic: False
/hpc2hdd/home/jpan305/miniconda3/envs/openocc/lib/python3.7/site-packages/torch/functional.py:445: UserWarning: torch.meshgrid: in an upcoming release, it will be required to pass the indexing argument. (Triggered internally at  /opt/conda/conda-bld/pytorch_1639180594101/work/aten/src/ATen/native/TensorShape.cpp:2157.)
  return _VF.meshgrid(tensors, **kwargs)  # type: ignore[attr-defined]
/hpc2hdd/home/jpan305/miniconda3/envs/openocc/lib/python3.7/site-packages/torch/functional.py:445: UserWarning: torch.meshgrid: in an upcoming release, it will be required to pass the indexing argument. (Triggered internally at  /opt/conda/conda-bld/pytorch_1639180594101/work/aten/src/ATen/native/TensorShape.cpp:2157.)
  return _VF.meshgrid(tensors, **kwargs)  # type: ignore[attr-defined]
/hpc2hdd/home/jpan305/miniconda3/envs/openocc/lib/python3.7/site-packages/torch/functional.py:445: UserWarning: torch.meshgrid: in an upcoming release, it will be required to pass the indexing argument. (Triggered internally at  /opt/conda/conda-bld/pytorch_1639180594101/work/aten/src/ATen/native/TensorShape.cpp:2157.)
  return _VF.meshgrid(tensors, **kwargs)  # type: ignore[attr-defined]
/hpc2hdd/home/jpan305/miniconda3/envs/openocc/lib/python3.7/site-packages/torch/functional.py:445: UserWarning: torch.meshgrid: in an upcoming release, it will be required to pass the indexing argument. (Triggered internally at  /opt/conda/conda-bld/pytorch_1639180594101/work/aten/src/ATen/native/TensorShape.cpp:2157.)
  return _VF.meshgrid(tensors, **kwargs)  # type: ignore[attr-defined]
/hpc2hdd/home/jpan305/miniconda3/envs/openocc/lib/python3.7/site-packages/torch/functional.py:445: UserWarning: torch.meshgrid: in an upcoming release, it will be required to pass the indexing argument. (Triggered internally at  /opt/conda/conda-bld/pytorch_1639180594101/work/aten/src/ATen/native/TensorShape.cpp:2157.)
  return _VF.meshgrid(tensors, **kwargs)  # type: ignore[attr-defined]
2023-10-25 09:09:51,765 - mmdet - INFO - initialize SECOND3D with init_cfg {'type': 'Kaiming', 'layer': 'Conv3d'}
/hpc2hdd/home/jpan305/miniconda3/envs/openocc/lib/python3.7/site-packages/torch/functional.py:445: UserWarning: torch.meshgrid: in an upcoming release, it will be required to pass the indexing argument. (Triggered internally at  /opt/conda/conda-bld/pytorch_1639180594101/work/aten/src/ATen/native/TensorShape.cpp:2157.)
  return _VF.meshgrid(tensors, **kwargs)  # type: ignore[attr-defined]
/hpc2hdd/home/jpan305/miniconda3/envs/openocc/lib/python3.7/site-packages/torch/functional.py:445: UserWarning: torch.meshgrid: in an upcoming release, it will be required to pass the indexing argument. (Triggered internally at  /opt/conda/conda-bld/pytorch_1639180594101/work/aten/src/ATen/native/TensorShape.cpp:2157.)
  return _VF.meshgrid(tensors, **kwargs)  # type: ignore[attr-defined]
/hpc2hdd/home/jpan305/miniconda3/envs/openocc/lib/python3.7/site-packages/torch/functional.py:445: UserWarning: torch.meshgrid: in an upcoming release, it will be required to pass the indexing argument. (Triggered internally at  /opt/conda/conda-bld/pytorch_1639180594101/work/aten/src/ATen/native/TensorShape.cpp:2157.)
  return _VF.meshgrid(tensors, **kwargs)  # type: ignore[attr-defined]
2023-10-25 09:09:51,858 - mmdet - INFO - initialize SECOND3DFPN with init_cfg [{'type': 'Kaiming', 'layer': 'ConvTranspose2d'}, {'type': 'Constant', 'layer': 'NaiveSyncBatchNorm2d', 'val': 1.0}]
2023-10-25 09:09:51,918 - mmdet - INFO - Model:
NeRFOcc_L(
  (pts_voxel_layer): Voxelization(voxel_size=[0.1, 0.1, 0.1], point_cloud_range=[-50, -50, -5.0, 50, 50, 3.0], max_num_points=10, max_voxels=(90000, 120000), deterministic=True)
  (pts_voxel_encoder): HardSimpleVFE()
  (pts_middle_encoder): SparseEncoderHD(
    (conv_input): SparseSequential(
      (0): SubMConv3d()
      (1): SyncBatchNorm(16, eps=0.001, momentum=0.01, affine=True, track_running_stats=True)
      (2): ReLU(inplace=True)
    )
    (encoder_layers): SparseSequential(
      (encoder_layer1): SparseSequential(
        (0): SparseBasicBlock(
          (conv1): SubMConv3d()
          (bn1): SyncBatchNorm(16, eps=0.001, momentum=0.01, affine=True, track_running_stats=True)
          (conv2): SubMConv3d()
          (bn2): SyncBatchNorm(16, eps=0.001, momentum=0.01, affine=True, track_running_stats=True)
          (relu): ReLU(inplace=True)
        )
        (1): SparseBasicBlock(
          (conv1): SubMConv3d()
          (bn1): SyncBatchNorm(16, eps=0.001, momentum=0.01, affine=True, track_running_stats=True)
          (conv2): SubMConv3d()
          (bn2): SyncBatchNorm(16, eps=0.001, momentum=0.01, affine=True, track_running_stats=True)
          (relu): ReLU(inplace=True)
        )
        (2): SparseSequential(
          (0): SparseConv3d()
          (1): SyncBatchNorm(32, eps=0.001, momentum=0.01, affine=True, track_running_stats=True)
          (2): ReLU(inplace=True)
        )
      )
      (encoder_layer2): SparseSequential(
        (0): SparseBasicBlock(
          (conv1): SubMConv3d()
          (bn1): SyncBatchNorm(32, eps=0.001, momentum=0.01, affine=True, track_running_stats=True)
          (conv2): SubMConv3d()
          (bn2): SyncBatchNorm(32, eps=0.001, momentum=0.01, affine=True, track_running_stats=True)
          (relu): ReLU(inplace=True)
        )
        (1): SparseBasicBlock(
          (conv1): SubMConv3d()
          (bn1): SyncBatchNorm(32, eps=0.001, momentum=0.01, affine=True, track_running_stats=True)
          (conv2): SubMConv3d()
          (bn2): SyncBatchNorm(32, eps=0.001, momentum=0.01, affine=True, track_running_stats=True)
          (relu): ReLU(inplace=True)
        )
        (2): SparseSequential(
          (0): SparseConv3d()
          (1): SyncBatchNorm(64, eps=0.001, momentum=0.01, affine=True, track_running_stats=True)
          (2): ReLU(inplace=True)
        )
      )
      (encoder_layer3): SparseSequential(
        (0): SparseBasicBlock(
          (conv1): SubMConv3d()
          (bn1): SyncBatchNorm(64, eps=0.001, momentum=0.01, affine=True, track_running_stats=True)
          (conv2): SubMConv3d()
          (bn2): SyncBatchNorm(64, eps=0.001, momentum=0.01, affine=True, track_running_stats=True)
          (relu): ReLU(inplace=True)
        )
        (1): SparseBasicBlock(
          (conv1): SubMConv3d()
          (bn1): SyncBatchNorm(64, eps=0.001, momentum=0.01, affine=True, track_running_stats=True)
          (conv2): SubMConv3d()
          (bn2): SyncBatchNorm(64, eps=0.001, momentum=0.01, affine=True, track_running_stats=True)
          (relu): ReLU(inplace=True)
        )
        (2): SparseSequential(
          (0): SparseConv3d()
          (1): SyncBatchNorm(128, eps=0.001, momentum=0.01, affine=True, track_running_stats=True)
          (2): ReLU(inplace=True)
        )
      )
      (encoder_layer4): SparseSequential(
        (0): SparseBasicBlock(
          (conv1): SubMConv3d()
          (bn1): SyncBatchNorm(128, eps=0.001, momentum=0.01, affine=True, track_running_stats=True)
          (conv2): SubMConv3d()
          (bn2): SyncBatchNorm(128, eps=0.001, momentum=0.01, affine=True, track_running_stats=True)
          (relu): ReLU(inplace=True)
        )
        (1): SparseBasicBlock(
          (conv1): SubMConv3d()
          (bn1): SyncBatchNorm(128, eps=0.001, momentum=0.01, affine=True, track_running_stats=True)
          (conv2): SubMConv3d()
          (bn2): SyncBatchNorm(128, eps=0.001, momentum=0.01, affine=True, track_running_stats=True)
          (relu): ReLU(inplace=True)
        )
      )
    )
    (conv_out): SparseSequential(
      (0): SparseConv3d()
      (1): SyncBatchNorm(128, eps=0.001, momentum=0.01, affine=True, track_running_stats=True)
      (2): ReLU(inplace=True)
    )
  )
  (pts_backbone): SECOND3D(
    (blocks): ModuleList(
      (0): Sequential(
        (0): Conv3d(128, 128, kernel_size=(1, 3, 3), stride=(1, 1, 1), padding=(0, 1, 1), bias=False)
        (1): SyncBatchNorm(128, eps=0.001, momentum=0.01, affine=True, track_running_stats=True)
        (2): ReLU(inplace=True)
        (3): Conv3d(128, 128, kernel_size=(1, 3, 3), stride=(1, 1, 1), padding=(0, 1, 1), bias=False)
        (4): SyncBatchNorm(128, eps=0.001, momentum=0.01, affine=True, track_running_stats=True)
        (5): ReLU(inplace=True)
        (6): Conv3d(128, 128, kernel_size=(1, 3, 3), stride=(1, 1, 1), padding=(0, 1, 1), bias=False)
        (7): SyncBatchNorm(128, eps=0.001, momentum=0.01, affine=True, track_running_stats=True)
        (8): ReLU(inplace=True)
        (9): Conv3d(128, 128, kernel_size=(1, 3, 3), stride=(1, 1, 1), padding=(0, 1, 1), bias=False)
        (10): SyncBatchNorm(128, eps=0.001, momentum=0.01, affine=True, track_running_stats=True)
        (11): ReLU(inplace=True)
        (12): Conv3d(128, 128, kernel_size=(1, 3, 3), stride=(1, 1, 1), padding=(0, 1, 1), bias=False)
        (13): SyncBatchNorm(128, eps=0.001, momentum=0.01, affine=True, track_running_stats=True)
        (14): ReLU(inplace=True)
        (15): Conv3d(128, 128, kernel_size=(1, 3, 3), stride=(1, 1, 1), padding=(0, 1, 1), bias=False)
        (16): SyncBatchNorm(128, eps=0.001, momentum=0.01, affine=True, track_running_stats=True)
        (17): ReLU(inplace=True)
      )
      (1): Sequential(
        (0): Conv3d(128, 256, kernel_size=(1, 3, 3), stride=(1, 2, 2), padding=(0, 1, 1), bias=False)
        (1): SyncBatchNorm(256, eps=0.001, momentum=0.01, affine=True, track_running_stats=True)
        (2): ReLU(inplace=True)
        (3): Conv3d(256, 256, kernel_size=(1, 3, 3), stride=(1, 1, 1), padding=(0, 1, 1), bias=False)
        (4): SyncBatchNorm(256, eps=0.001, momentum=0.01, affine=True, track_running_stats=True)
        (5): ReLU(inplace=True)
        (6): Conv3d(256, 256, kernel_size=(1, 3, 3), stride=(1, 1, 1), padding=(0, 1, 1), bias=False)
        (7): SyncBatchNorm(256, eps=0.001, momentum=0.01, affine=True, track_running_stats=True)
        (8): ReLU(inplace=True)
        (9): Conv3d(256, 256, kernel_size=(1, 3, 3), stride=(1, 1, 1), padding=(0, 1, 1), bias=False)
        (10): SyncBatchNorm(256, eps=0.001, momentum=0.01, affine=True, track_running_stats=True)
        (11): ReLU(inplace=True)
        (12): Conv3d(256, 256, kernel_size=(1, 3, 3), stride=(1, 1, 1), padding=(0, 1, 1), bias=False)
        (13): SyncBatchNorm(256, eps=0.001, momentum=0.01, affine=True, track_running_stats=True)
        (14): ReLU(inplace=True)
        (15): Conv3d(256, 256, kernel_size=(1, 3, 3), stride=(1, 1, 1), padding=(0, 1, 1), bias=False)
        (16): SyncBatchNorm(256, eps=0.001, momentum=0.01, affine=True, track_running_stats=True)
        (17): ReLU(inplace=True)
      )
      (2): Sequential(
        (0): Conv3d(128, 512, kernel_size=(1, 3, 3), stride=(1, 4, 4), padding=(0, 1, 1), bias=False)
        (1): SyncBatchNorm(512, eps=0.001, momentum=0.01, affine=True, track_running_stats=True)
        (2): ReLU(inplace=True)
        (3): Conv3d(512, 512, kernel_size=(1, 3, 3), stride=(1, 1, 1), padding=(0, 1, 1), bias=False)
        (4): SyncBatchNorm(512, eps=0.001, momentum=0.01, affine=True, track_running_stats=True)
        (5): ReLU(inplace=True)
        (6): Conv3d(512, 512, kernel_size=(1, 3, 3), stride=(1, 1, 1), padding=(0, 1, 1), bias=False)
        (7): SyncBatchNorm(512, eps=0.001, momentum=0.01, affine=True, track_running_stats=True)
        (8): ReLU(inplace=True)
        (9): Conv3d(512, 512, kernel_size=(1, 3, 3), stride=(1, 1, 1), padding=(0, 1, 1), bias=False)
        (10): SyncBatchNorm(512, eps=0.001, momentum=0.01, affine=True, track_running_stats=True)
        (11): ReLU(inplace=True)
        (12): Conv3d(512, 512, kernel_size=(1, 3, 3), stride=(1, 1, 1), padding=(0, 1, 1), bias=False)
        (13): SyncBatchNorm(512, eps=0.001, momentum=0.01, affine=True, track_running_stats=True)
        (14): ReLU(inplace=True)
        (15): Conv3d(512, 512, kernel_size=(1, 3, 3), stride=(1, 1, 1), padding=(0, 1, 1), bias=False)
        (16): SyncBatchNorm(512, eps=0.001, momentum=0.01, affine=True, track_running_stats=True)
        (17): ReLU(inplace=True)
      )
    )
  )
  init_cfg={'type': 'Kaiming', 'layer': 'Conv3d'}
  (pts_neck): SECOND3DFPN(
    (deblocks): ModuleList(
      (0): Sequential(
        (0): Conv3d(128, 128, kernel_size=(1, 1, 1), stride=(1, 1, 1), bias=False)
        (1): SyncBatchNorm(128, eps=0.001, momentum=0.01, affine=True, track_running_stats=True)
        (2): ReLU(inplace=True)
      )
      (1): Sequential(
        (0): ConvTranspose3d(256, 128, kernel_size=(1, 2, 2), stride=(1, 2, 2), bias=False)
        (1): SyncBatchNorm(128, eps=0.001, momentum=0.01, affine=True, track_running_stats=True)
        (2): ReLU(inplace=True)
      )
      (2): Sequential(
        (0): ConvTranspose3d(512, 128, kernel_size=(1, 4, 4), stride=(1, 4, 4), bias=False)
        (1): SyncBatchNorm(128, eps=0.001, momentum=0.01, affine=True, track_running_stats=True)
        (2): ReLU(inplace=True)
      )
    )
    (extra_blocks): Sequential(
      (0): Conv3d(128, 128, kernel_size=(3, 3, 3), stride=(1, 1, 1), padding=(1, 1, 1), bias=False)
      (1): SyncBatchNorm(128, eps=0.001, momentum=0.01, affine=True, track_running_stats=True)
      (2): ReLU(inplace=True)
      (3): Conv3d(128, 128, kernel_size=(3, 3, 3), stride=(1, 1, 1), padding=(1, 1, 1), bias=False)
      (4): SyncBatchNorm(128, eps=0.001, momentum=0.01, affine=True, track_running_stats=True)
      (5): ReLU(inplace=True)
      (6): Conv3d(128, 128, kernel_size=(3, 3, 3), stride=(1, 1, 1), padding=(1, 1, 1), bias=False)
      (7): SyncBatchNorm(128, eps=0.001, momentum=0.01, affine=True, track_running_stats=True)
      (8): ReLU(inplace=True)
    )
  )
  init_cfg=[{'type': 'Kaiming', 'layer': 'ConvTranspose2d'}, {'type': 'Constant', 'layer': 'NaiveSyncBatchNorm2d', 'val': 1.0}]
  (pts_bbox_head): OccHead(
    (fine_mlp): Sequential(
      (0): Linear(in_features=128, out_features=64, bias=True)
      (1): GroupNorm(16, 64, eps=1e-05, affine=True)
      (2): ReLU(inplace=True)
      (3): Linear(in_features=64, out_features=17, bias=True)
    )
    (occ_convs): ModuleList(
      (0): Sequential(
        (0): Conv3d(256, 128, kernel_size=(3, 3, 3), stride=(1, 1, 1), padding=(1, 1, 1), bias=False)
        (1): SyncBatchNorm(128, eps=1e-05, momentum=0.1, affine=True, track_running_stats=True)
        (2): ReLU(inplace=True)
      )
      (1): Sequential(
        (0): Conv3d(256, 128, kernel_size=(3, 3, 3), stride=(1, 1, 1), padding=(1, 1, 1), bias=False)
        (1): SyncBatchNorm(128, eps=1e-05, momentum=0.1, affine=True, track_running_stats=True)
        (2): ReLU(inplace=True)
      )
      (2): Sequential(
        (0): Conv3d(256, 128, kernel_size=(3, 3, 3), stride=(1, 1, 1), padding=(1, 1, 1), bias=False)
        (1): SyncBatchNorm(128, eps=1e-05, momentum=0.1, affine=True, track_running_stats=True)
        (2): ReLU(inplace=True)
      )
      (3): Sequential(
        (0): Conv3d(256, 128, kernel_size=(3, 3, 3), stride=(1, 1, 1), padding=(1, 1, 1), bias=False)
        (1): SyncBatchNorm(128, eps=1e-05, momentum=0.1, affine=True, track_running_stats=True)
        (2): ReLU(inplace=True)
      )
    )
    (occ_pred_conv): Sequential(
      (0): Conv3d(128, 64, kernel_size=(1, 1, 1), stride=(1, 1, 1), bias=False)
      (1): SyncBatchNorm(64, eps=1e-05, momentum=0.1, affine=True, track_running_stats=True)
      (2): ReLU(inplace=True)
      (3): Conv3d(64, 17, kernel_size=(1, 1, 1), stride=(1, 1, 1), bias=False)
    )
    (voxel_soft_weights): Sequential(
      (0): Conv3d(128, 64, kernel_size=(1, 1, 1), stride=(1, 1, 1), bias=False)
      (1): SyncBatchNorm(64, eps=1e-05, momentum=0.1, affine=True, track_running_stats=True)
      (2): ReLU(inplace=True)
      (3): Conv3d(64, 4, kernel_size=(1, 1, 1), stride=(1, 1, 1), bias=False)
    )
  )
  (img_bev_encoder_backbone): Identity()
  (img_bev_encoder_neck): Identity()
  (semantic_encoder): CustomResNet3D(
    (input_proj): Sequential(
      (0): Conv3d(128, 128, kernel_size=(1, 1, 1), stride=(1, 1, 1), bias=False)
      (1): SyncBatchNorm(128, eps=1e-05, momentum=0.1, affine=True, track_running_stats=True)
      (2): ReLU(inplace=True)
    )
    (layers): ModuleList(
      (0): Sequential(
        (0): BasicBlock(
          (conv1): Conv3d(128, 128, kernel_size=(3, 3, 3), stride=(1, 1, 1), padding=(1, 1, 1), bias=False)
          (bn1): SyncBatchNorm(128, eps=1e-05, momentum=0.1, affine=True, track_running_stats=True)
          (relu): ReLU(inplace=True)
          (conv2): Conv3d(128, 128, kernel_size=(3, 3, 3), stride=(1, 1, 1), padding=(1, 1, 1), bias=False)
          (bn2): SyncBatchNorm(128, eps=1e-05, momentum=0.1, affine=True, track_running_stats=True)
        )
        (1): BasicBlock(
          (conv1): Conv3d(128, 128, kernel_size=(3, 3, 3), stride=(1, 1, 1), padding=(1, 1, 1), bias=False)
          (bn1): SyncBatchNorm(128, eps=1e-05, momentum=0.1, affine=True, track_running_stats=True)
          (relu): ReLU(inplace=True)
          (conv2): Conv3d(128, 128, kernel_size=(3, 3, 3), stride=(1, 1, 1), padding=(1, 1, 1), bias=False)
          (bn2): SyncBatchNorm(128, eps=1e-05, momentum=0.1, affine=True, track_running_stats=True)
        )
      )
      (1): Sequential(
        (0): BasicBlock(
          (conv1): Conv3d(128, 256, kernel_size=(3, 3, 3), stride=(2, 2, 2), padding=(1, 1, 1), bias=False)
          (bn1): SyncBatchNorm(256, eps=1e-05, momentum=0.1, affine=True, track_running_stats=True)
          (relu): ReLU(inplace=True)
          (conv2): Conv3d(256, 256, kernel_size=(3, 3, 3), stride=(1, 1, 1), padding=(1, 1, 1), bias=False)
          (bn2): SyncBatchNorm(256, eps=1e-05, momentum=0.1, affine=True, track_running_stats=True)
          (downsample): Sequential(
            (0): Conv3d(128, 256, kernel_size=(1, 1, 1), stride=(2, 2, 2), bias=False)
            (1): SyncBatchNorm(256, eps=1e-05, momentum=0.1, affine=True, track_running_stats=True)
          )
        )
        (1): BasicBlock(
          (conv1): Conv3d(256, 256, kernel_size=(3, 3, 3), stride=(1, 1, 1), padding=(1, 1, 1), bias=False)
          (bn1): SyncBatchNorm(256, eps=1e-05, momentum=0.1, affine=True, track_running_stats=True)
          (relu): ReLU(inplace=True)
          (conv2): Conv3d(256, 256, kernel_size=(3, 3, 3), stride=(1, 1, 1), padding=(1, 1, 1), bias=False)
          (bn2): SyncBatchNorm(256, eps=1e-05, momentum=0.1, affine=True, track_running_stats=True)
        )
      )
      (2): Sequential(
        (0): BasicBlock(
          (conv1): Conv3d(256, 512, kernel_size=(3, 3, 3), stride=(2, 2, 2), padding=(1, 1, 1), bias=False)
          (bn1): SyncBatchNorm(512, eps=1e-05, momentum=0.1, affine=True, track_running_stats=True)
          (relu): ReLU(inplace=True)
          (conv2): Conv3d(512, 512, kernel_size=(3, 3, 3), stride=(1, 1, 1), padding=(1, 1, 1), bias=False)
          (bn2): SyncBatchNorm(512, eps=1e-05, momentum=0.1, affine=True, track_running_stats=True)
          (downsample): Sequential(
            (0): Conv3d(256, 512, kernel_size=(1, 1, 1), stride=(2, 2, 2), bias=False)
            (1): SyncBatchNorm(512, eps=1e-05, momentum=0.1, affine=True, track_running_stats=True)
          )
        )
        (1): BasicBlock(
          (conv1): Conv3d(512, 512, kernel_size=(3, 3, 3), stride=(1, 1, 1), padding=(1, 1, 1), bias=False)
          (bn1): SyncBatchNorm(512, eps=1e-05, momentum=0.1, affine=True, track_running_stats=True)
          (relu): ReLU(inplace=True)
          (conv2): Conv3d(512, 512, kernel_size=(3, 3, 3), stride=(1, 1, 1), padding=(1, 1, 1), bias=False)
          (bn2): SyncBatchNorm(512, eps=1e-05, momentum=0.1, affine=True, track_running_stats=True)
        )
      )
      (3): Sequential(
        (0): BasicBlock(
          (conv1): Conv3d(512, 1024, kernel_size=(3, 3, 3), stride=(2, 2, 2), padding=(1, 1, 1), bias=False)
          (bn1): SyncBatchNorm(1024, eps=1e-05, momentum=0.1, affine=True, track_running_stats=True)
          (relu): ReLU(inplace=True)
          (conv2): Conv3d(1024, 1024, kernel_size=(3, 3, 3), stride=(1, 1, 1), padding=(1, 1, 1), bias=False)
          (bn2): SyncBatchNorm(1024, eps=1e-05, momentum=0.1, affine=True, track_running_stats=True)
          (downsample): Sequential(
            (0): Conv3d(512, 1024, kernel_size=(1, 1, 1), stride=(2, 2, 2), bias=False)
            (1): SyncBatchNorm(1024, eps=1e-05, momentum=0.1, affine=True, track_running_stats=True)
          )
        )
        (1): BasicBlock(
          (conv1): Conv3d(1024, 1024, kernel_size=(3, 3, 3), stride=(1, 1, 1), padding=(1, 1, 1), bias=False)
          (bn1): SyncBatchNorm(1024, eps=1e-05, momentum=0.1, affine=True, track_running_stats=True)
          (relu): ReLU(inplace=True)
          (conv2): Conv3d(1024, 1024, kernel_size=(3, 3, 3), stride=(1, 1, 1), padding=(1, 1, 1), bias=False)
          (bn2): SyncBatchNorm(1024, eps=1e-05, momentum=0.1, affine=True, track_running_stats=True)
        )
      )
    )
  )
  (semantic_neck): FPN3D(
    (lateral_convs): ModuleList(
      (0): Sequential(
        (0): ConvModule(
          (conv): Conv3d(128, 256, kernel_size=(1, 1, 1), stride=(1, 1, 1), bias=False)
          (bn): SyncBatchNorm(256, eps=1e-05, momentum=0.1, affine=True, track_running_stats=True)
          (activate): ReLU(inplace=True)
        )
      )
      (1): Sequential(
        (0): ConvModule(
          (conv): Conv3d(256, 256, kernel_size=(1, 1, 1), stride=(1, 1, 1), bias=False)
          (bn): SyncBatchNorm(256, eps=1e-05, momentum=0.1, affine=True, track_running_stats=True)
          (activate): ReLU(inplace=True)
        )
      )
      (2): Sequential(
        (0): ConvModule(
          (conv): Conv3d(512, 256, kernel_size=(1, 1, 1), stride=(1, 1, 1), bias=False)
          (bn): SyncBatchNorm(256, eps=1e-05, momentum=0.1, affine=True, track_running_stats=True)
          (activate): ReLU(inplace=True)
        )
      )
      (3): Sequential(
        (0): ConvModule(
          (conv): Conv3d(1024, 256, kernel_size=(1, 1, 1), stride=(1, 1, 1), bias=False)
          (bn): SyncBatchNorm(256, eps=1e-05, momentum=0.1, affine=True, track_running_stats=True)
          (activate): ReLU(inplace=True)
        )
      )
    )
    (fpn_convs): ModuleList(
      (0): Sequential(
        (0): ConvModule(
          (conv): Conv3d(256, 256, kernel_size=(3, 3, 3), stride=(1, 1, 1), padding=(1, 1, 1), bias=False)
          (bn): SyncBatchNorm(256, eps=1e-05, momentum=0.1, affine=True, track_running_stats=True)
          (activate): ReLU(inplace=True)
        )
      )
      (1): Sequential(
        (0): ConvModule(
          (conv): Conv3d(256, 256, kernel_size=(3, 3, 3), stride=(1, 1, 1), padding=(1, 1, 1), bias=False)
          (bn): SyncBatchNorm(256, eps=1e-05, momentum=0.1, affine=True, track_running_stats=True)
          (activate): ReLU(inplace=True)
        )
      )
      (2): Sequential(
        (0): ConvModule(
          (conv): Conv3d(256, 256, kernel_size=(3, 3, 3), stride=(1, 1, 1), padding=(1, 1, 1), bias=False)
          (bn): SyncBatchNorm(256, eps=1e-05, momentum=0.1, affine=True, track_running_stats=True)
          (activate): ReLU(inplace=True)
        )
      )
      (3): Sequential(
        (0): ConvModule(
          (conv): Conv3d(256, 256, kernel_size=(3, 3, 3), stride=(1, 1, 1), padding=(1, 1, 1), bias=False)
          (bn): SyncBatchNorm(256, eps=1e-05, momentum=0.1, affine=True, track_running_stats=True)
          (activate): ReLU(inplace=True)
        )
      )
    )
  )
  (density_encoder): FPN3D_Render(
    (lateral_convs): ModuleList(
      (0): Sequential(
        (0): ConvModule(
          (conv): Conv3d(128, 256, kernel_size=(1, 1, 1), stride=(1, 1, 1), bias=False)
          (bn): SyncBatchNorm(256, eps=1e-05, momentum=0.1, affine=True, track_running_stats=True)
          (activate): ReLU(inplace=True)
        )
      )
    )
    (fpn_convs): ModuleList(
      (0): Sequential(
        (0): ConvModule(
          (conv): Conv3d(256, 256, kernel_size=(3, 3, 3), stride=(1, 1, 1), padding=(1, 1, 1), bias=False)
          (bn): SyncBatchNorm(256, eps=1e-05, momentum=0.1, affine=True, track_running_stats=True)
          (activate): ReLU(inplace=True)
        )
      )
    )
  )
  (density_head): Linear(in_features=256, out_features=1, bias=True)
)
2023-10-25 09:10:14,665 - mmdet - INFO - Start running, host: jpan305@gpu3-13, work_dir: /hpc2hdd/home/jpan305/pytorch/MoEOccupancy/work_dirs/cascade_voxel_nusc_lidar_d
2023-10-25 09:10:14,666 - mmdet - INFO - Hooks will be executed in the following order:
before_run:
(VERY_HIGH   ) StepLrUpdaterHook                  
(NORMAL      ) CheckpointHook                     
(NORMAL      ) OccDistEvalHook                    
(VERY_LOW    ) TextLoggerHook                     
(VERY_LOW    ) TensorboardLoggerHook              
 -------------------- 
before_train_epoch:
(VERY_HIGH   ) StepLrUpdaterHook                  
(NORMAL      ) DistSamplerSeedHook                
(NORMAL      ) OccDistEvalHook                    
(LOW         ) IterTimerHook                      
(VERY_LOW    ) TextLoggerHook                     
(VERY_LOW    ) TensorboardLoggerHook              
 -------------------- 
before_train_iter:
(VERY_HIGH   ) StepLrUpdaterHook                  
(NORMAL      ) OccDistEvalHook                    
(LOW         ) IterTimerHook                      
 -------------------- 
after_train_iter:
(ABOVE_NORMAL) OptimizerHook                      
(NORMAL      ) CheckpointHook                     
(NORMAL      ) OccDistEvalHook                    
(LOW         ) IterTimerHook                      
(VERY_LOW    ) TextLoggerHook                     
(VERY_LOW    ) TensorboardLoggerHook              
 -------------------- 
after_train_epoch:
(NORMAL      ) CheckpointHook                     
(NORMAL      ) OccDistEvalHook                    
(VERY_LOW    ) TextLoggerHook                     
(VERY_LOW    ) TensorboardLoggerHook              
 -------------------- 
before_val_epoch:
(NORMAL      ) DistSamplerSeedHook                
(LOW         ) IterTimerHook                      
(VERY_LOW    ) TextLoggerHook                     
(VERY_LOW    ) TensorboardLoggerHook              
 -------------------- 
before_val_iter:
(LOW         ) IterTimerHook                      
 -------------------- 
after_val_iter:
(LOW         ) IterTimerHook                      
 -------------------- 
after_val_epoch:
(VERY_LOW    ) TextLoggerHook                     
(VERY_LOW    ) TensorboardLoggerHook              
 -------------------- 
after_run:
(VERY_LOW    ) TextLoggerHook                     
(VERY_LOW    ) TensorboardLoggerHook              
 -------------------- 
2023-10-25 09:10:14,666 - mmdet - INFO - workflow: [('train', 1)], max: 24 epochs
2023-10-25 09:10:14,666 - mmdet - INFO - Checkpoints will be saved to /hpc2hdd/home/jpan305/pytorch/MoEOccupancy/work_dirs/cascade_voxel_nusc_lidar_d by HardDiskBackend.
Traceback (most recent call last):
  File "tools/train.py", line 263, in <module>
    main()
  File "tools/train.py", line 259, in main
    meta=meta)
  File "/hpc2hdd/home/jpan305/pytorch/MoEOccupancy/projects/mmdet3d_plugin/occformer/apis/train.py", line 35, in custom_train_model
    meta=meta)
  File "/hpc2hdd/home/jpan305/pytorch/MoEOccupancy/projects/mmdet3d_plugin/occformer/apis/mmdet_train.py", line 199, in custom_train_detector
    runner.run(data_loaders, cfg.workflow)
  File "/hpc2hdd/home/jpan305/miniconda3/envs/openocc/lib/python3.7/site-packages/mmcv/runner/epoch_based_runner.py", line 127, in run
    epoch_runner(data_loaders[i], **kwargs)
  File "/hpc2hdd/home/jpan305/miniconda3/envs/openocc/lib/python3.7/site-packages/mmcv/runner/epoch_based_runner.py", line 47, in train
    for i, data_batch in enumerate(self.data_loader):
  File "/hpc2hdd/home/jpan305/miniconda3/envs/openocc/lib/python3.7/site-packages/torch/utils/data/dataloader.py", line 521, in __next__
    data = self._next_data()
  File "/hpc2hdd/home/jpan305/miniconda3/envs/openocc/lib/python3.7/site-packages/torch/utils/data/dataloader.py", line 1203, in _next_data
    return self._process_data(data)
  File "/hpc2hdd/home/jpan305/miniconda3/envs/openocc/lib/python3.7/site-packages/torch/utils/data/dataloader.py", line 1229, in _process_data
    data.reraise()
  File "/hpc2hdd/home/jpan305/miniconda3/envs/openocc/lib/python3.7/site-packages/torch/_utils.py", line 434, in reraise
    raise exception
KeyError: Caught KeyError in DataLoader worker process 0.
Original Traceback (most recent call last):
  File "/hpc2hdd/home/jpan305/miniconda3/envs/openocc/lib/python3.7/site-packages/torch/utils/data/_utils/worker.py", line 287, in _worker_loop
    data = fetcher.fetch(index)
  File "/hpc2hdd/home/jpan305/miniconda3/envs/openocc/lib/python3.7/site-packages/torch/utils/data/_utils/fetch.py", line 49, in fetch
    data = [self.dataset[idx] for idx in possibly_batched_index]
  File "/hpc2hdd/home/jpan305/miniconda3/envs/openocc/lib/python3.7/site-packages/torch/utils/data/_utils/fetch.py", line 49, in <listcomp>
    data = [self.dataset[idx] for idx in possibly_batched_index]
  File "/hpc2hdd/home/jpan305/pytorch/MoEOccupancy/projects/mmdet3d_plugin/datasets/nuscenes_lss_dataset.py", line 25, in __getitem__
    data = self.prepare_train_data(idx)
  File "/hpc2hdd/home/jpan305/pytorch/MoEOccupancy/projects/mmdet3d_plugin/datasets/nuscenes_lss_dataset.py", line 46, in prepare_train_data
    example = self.pipeline(input_dict)
  File "/hpc2hdd/home/jpan305/miniconda3/envs/openocc/lib/python3.7/site-packages/mmdet/datasets/pipelines/compose.py", line 40, in __call__
    data = t(data)
  File "/hpc2hdd/home/jpan305/pytorch/MoEOccupancy/projects/mmdet3d_plugin/datasets/pipelines/lidar2depth.py", line 86, in __call__
    if results['camera_used'] == False:
KeyError: 'camera_used'

Traceback (most recent call last):
  File "tools/train.py", line 263, in <module>
    main()
  File "tools/train.py", line 259, in main
    meta=meta)
  File "/hpc2hdd/home/jpan305/pytorch/MoEOccupancy/projects/mmdet3d_plugin/occformer/apis/train.py", line 35, in custom_train_model
    meta=meta)
  File "/hpc2hdd/home/jpan305/pytorch/MoEOccupancy/projects/mmdet3d_plugin/occformer/apis/mmdet_train.py", line 199, in custom_train_detector
    runner.run(data_loaders, cfg.workflow)
  File "/hpc2hdd/home/jpan305/miniconda3/envs/openocc/lib/python3.7/site-packages/mmcv/runner/epoch_based_runner.py", line 127, in run
    epoch_runner(data_loaders[i], **kwargs)
  File "/hpc2hdd/home/jpan305/miniconda3/envs/openocc/lib/python3.7/site-packages/mmcv/runner/epoch_based_runner.py", line 47, in train
    for i, data_batch in enumerate(self.data_loader):
  File "/hpc2hdd/home/jpan305/miniconda3/envs/openocc/lib/python3.7/site-packages/torch/utils/data/dataloader.py", line 521, in __next__
    data = self._next_data()
  File "/hpc2hdd/home/jpan305/miniconda3/envs/openocc/lib/python3.7/site-packages/torch/utils/data/dataloader.py", line 1203, in _next_data
    return self._process_data(data)
  File "/hpc2hdd/home/jpan305/miniconda3/envs/openocc/lib/python3.7/site-packages/torch/utils/data/dataloader.py", line 1229, in _process_data
    data.reraise()
  File "/hpc2hdd/home/jpan305/miniconda3/envs/openocc/lib/python3.7/site-packages/torch/_utils.py", line 434, in reraise
    raise exception
KeyError: Caught KeyError in DataLoader worker process 0.
Original Traceback (most recent call last):
  File "/hpc2hdd/home/jpan305/miniconda3/envs/openocc/lib/python3.7/site-packages/torch/utils/data/_utils/worker.py", line 287, in _worker_loop
    data = fetcher.fetch(index)
  File "/hpc2hdd/home/jpan305/miniconda3/envs/openocc/lib/python3.7/site-packages/torch/utils/data/_utils/fetch.py", line 49, in fetch
    data = [self.dataset[idx] for idx in possibly_batched_index]
  File "/hpc2hdd/home/jpan305/miniconda3/envs/openocc/lib/python3.7/site-packages/torch/utils/data/_utils/fetch.py", line 49, in <listcomp>
    data = [self.dataset[idx] for idx in possibly_batched_index]
  File "/hpc2hdd/home/jpan305/pytorch/MoEOccupancy/projects/mmdet3d_plugin/datasets/nuscenes_lss_dataset.py", line 25, in __getitem__
    data = self.prepare_train_data(idx)
  File "/hpc2hdd/home/jpan305/pytorch/MoEOccupancy/projects/mmdet3d_plugin/datasets/nuscenes_lss_dataset.py", line 46, in prepare_train_data
    example = self.pipeline(input_dict)
  File "/hpc2hdd/home/jpan305/miniconda3/envs/openocc/lib/python3.7/site-packages/mmdet/datasets/pipelines/compose.py", line 40, in __call__
    data = t(data)
  File "/hpc2hdd/home/jpan305/pytorch/MoEOccupancy/projects/mmdet3d_plugin/datasets/pipelines/lidar2depth.py", line 86, in __call__
    if results['camera_used'] == False:
KeyError: 'camera_used'

Traceback (most recent call last):
  File "tools/train.py", line 263, in <module>
    main()
  File "tools/train.py", line 259, in main
    meta=meta)
  File "/hpc2hdd/home/jpan305/pytorch/MoEOccupancy/projects/mmdet3d_plugin/occformer/apis/train.py", line 35, in custom_train_model
    meta=meta)
  File "/hpc2hdd/home/jpan305/pytorch/MoEOccupancy/projects/mmdet3d_plugin/occformer/apis/mmdet_train.py", line 199, in custom_train_detector
    runner.run(data_loaders, cfg.workflow)
  File "/hpc2hdd/home/jpan305/miniconda3/envs/openocc/lib/python3.7/site-packages/mmcv/runner/epoch_based_runner.py", line 127, in run
    epoch_runner(data_loaders[i], **kwargs)
  File "/hpc2hdd/home/jpan305/miniconda3/envs/openocc/lib/python3.7/site-packages/mmcv/runner/epoch_based_runner.py", line 47, in train
    for i, data_batch in enumerate(self.data_loader):
  File "/hpc2hdd/home/jpan305/miniconda3/envs/openocc/lib/python3.7/site-packages/torch/utils/data/dataloader.py", line 521, in __next__
    data = self._next_data()
  File "/hpc2hdd/home/jpan305/miniconda3/envs/openocc/lib/python3.7/site-packages/torch/utils/data/dataloader.py", line 1203, in _next_data
    return self._process_data(data)
  File "/hpc2hdd/home/jpan305/miniconda3/envs/openocc/lib/python3.7/site-packages/torch/utils/data/dataloader.py", line 1229, in _process_data
    data.reraise()
  File "/hpc2hdd/home/jpan305/miniconda3/envs/openocc/lib/python3.7/site-packages/torch/_utils.py", line 434, in reraise
    raise exception
KeyError: Caught KeyError in DataLoader worker process 0.
Original Traceback (most recent call last):
  File "/hpc2hdd/home/jpan305/miniconda3/envs/openocc/lib/python3.7/site-packages/torch/utils/data/_utils/worker.py", line 287, in _worker_loop
    data = fetcher.fetch(index)
  File "/hpc2hdd/home/jpan305/miniconda3/envs/openocc/lib/python3.7/site-packages/torch/utils/data/_utils/fetch.py", line 49, in fetch
    data = [self.dataset[idx] for idx in possibly_batched_index]
  File "/hpc2hdd/home/jpan305/miniconda3/envs/openocc/lib/python3.7/site-packages/torch/utils/data/_utils/fetch.py", line 49, in <listcomp>
    data = [self.dataset[idx] for idx in possibly_batched_index]
  File "/hpc2hdd/home/jpan305/pytorch/MoEOccupancy/projects/mmdet3d_plugin/datasets/nuscenes_lss_dataset.py", line 25, in __getitem__
    data = self.prepare_train_data(idx)
  File "/hpc2hdd/home/jpan305/pytorch/MoEOccupancy/projects/mmdet3d_plugin/datasets/nuscenes_lss_dataset.py", line 46, in prepare_train_data
    example = self.pipeline(input_dict)
  File "/hpc2hdd/home/jpan305/miniconda3/envs/openocc/lib/python3.7/site-packages/mmdet/datasets/pipelines/compose.py", line 40, in __call__
    data = t(data)
  File "/hpc2hdd/home/jpan305/pytorch/MoEOccupancy/projects/mmdet3d_plugin/datasets/pipelines/lidar2depth.py", line 86, in __call__
    if results['camera_used'] == False:
KeyError: 'camera_used'

Traceback (most recent call last):
  File "tools/train.py", line 263, in <module>
    main()
  File "tools/train.py", line 259, in main
    meta=meta)
  File "/hpc2hdd/home/jpan305/pytorch/MoEOccupancy/projects/mmdet3d_plugin/occformer/apis/train.py", line 35, in custom_train_model
    meta=meta)
  File "/hpc2hdd/home/jpan305/pytorch/MoEOccupancy/projects/mmdet3d_plugin/occformer/apis/mmdet_train.py", line 199, in custom_train_detector
    runner.run(data_loaders, cfg.workflow)
  File "/hpc2hdd/home/jpan305/miniconda3/envs/openocc/lib/python3.7/site-packages/mmcv/runner/epoch_based_runner.py", line 127, in run
    epoch_runner(data_loaders[i], **kwargs)
  File "/hpc2hdd/home/jpan305/miniconda3/envs/openocc/lib/python3.7/site-packages/mmcv/runner/epoch_based_runner.py", line 47, in train
    for i, data_batch in enumerate(self.data_loader):
  File "/hpc2hdd/home/jpan305/miniconda3/envs/openocc/lib/python3.7/site-packages/torch/utils/data/dataloader.py", line 521, in __next__
    data = self._next_data()
  File "/hpc2hdd/home/jpan305/miniconda3/envs/openocc/lib/python3.7/site-packages/torch/utils/data/dataloader.py", line 1203, in _next_data
    return self._process_data(data)
  File "/hpc2hdd/home/jpan305/miniconda3/envs/openocc/lib/python3.7/site-packages/torch/utils/data/dataloader.py", line 1229, in _process_data
    data.reraise()
  File "/hpc2hdd/home/jpan305/miniconda3/envs/openocc/lib/python3.7/site-packages/torch/_utils.py", line 434, in reraise
    raise exception
KeyError: Caught KeyError in DataLoader worker process 0.
Original Traceback (most recent call last):
  File "/hpc2hdd/home/jpan305/miniconda3/envs/openocc/lib/python3.7/site-packages/torch/utils/data/_utils/worker.py", line 287, in _worker_loop
    data = fetcher.fetch(index)
  File "/hpc2hdd/home/jpan305/miniconda3/envs/openocc/lib/python3.7/site-packages/torch/utils/data/_utils/fetch.py", line 49, in fetch
    data = [self.dataset[idx] for idx in possibly_batched_index]
  File "/hpc2hdd/home/jpan305/miniconda3/envs/openocc/lib/python3.7/site-packages/torch/utils/data/_utils/fetch.py", line 49, in <listcomp>
    data = [self.dataset[idx] for idx in possibly_batched_index]
  File "/hpc2hdd/home/jpan305/pytorch/MoEOccupancy/projects/mmdet3d_plugin/datasets/nuscenes_lss_dataset.py", line 25, in __getitem__
    data = self.prepare_train_data(idx)
  File "/hpc2hdd/home/jpan305/pytorch/MoEOccupancy/projects/mmdet3d_plugin/datasets/nuscenes_lss_dataset.py", line 46, in prepare_train_data
    example = self.pipeline(input_dict)
  File "/hpc2hdd/home/jpan305/miniconda3/envs/openocc/lib/python3.7/site-packages/mmdet/datasets/pipelines/compose.py", line 40, in __call__
    data = t(data)
  File "/hpc2hdd/home/jpan305/pytorch/MoEOccupancy/projects/mmdet3d_plugin/datasets/pipelines/lidar2depth.py", line 86, in __call__
    if results['camera_used'] == False:
KeyError: 'camera_used'

Traceback (most recent call last):
  File "tools/train.py", line 263, in <module>
    main()
  File "tools/train.py", line 259, in main
    meta=meta)
  File "/hpc2hdd/home/jpan305/pytorch/MoEOccupancy/projects/mmdet3d_plugin/occformer/apis/train.py", line 35, in custom_train_model
    meta=meta)
  File "/hpc2hdd/home/jpan305/pytorch/MoEOccupancy/projects/mmdet3d_plugin/occformer/apis/mmdet_train.py", line 199, in custom_train_detector
    runner.run(data_loaders, cfg.workflow)
  File "/hpc2hdd/home/jpan305/miniconda3/envs/openocc/lib/python3.7/site-packages/mmcv/runner/epoch_based_runner.py", line 127, in run
    epoch_runner(data_loaders[i], **kwargs)
  File "/hpc2hdd/home/jpan305/miniconda3/envs/openocc/lib/python3.7/site-packages/mmcv/runner/epoch_based_runner.py", line 47, in train
    for i, data_batch in enumerate(self.data_loader):
  File "/hpc2hdd/home/jpan305/miniconda3/envs/openocc/lib/python3.7/site-packages/torch/utils/data/dataloader.py", line 521, in __next__
    data = self._next_data()
  File "/hpc2hdd/home/jpan305/miniconda3/envs/openocc/lib/python3.7/site-packages/torch/utils/data/dataloader.py", line 1203, in _next_data
    return self._process_data(data)
  File "/hpc2hdd/home/jpan305/miniconda3/envs/openocc/lib/python3.7/site-packages/torch/utils/data/dataloader.py", line 1229, in _process_data
    data.reraise()
  File "/hpc2hdd/home/jpan305/miniconda3/envs/openocc/lib/python3.7/site-packages/torch/_utils.py", line 434, in reraise
    raise exception
KeyError: Caught KeyError in DataLoader worker process 0.
Original Traceback (most recent call last):
  File "/hpc2hdd/home/jpan305/miniconda3/envs/openocc/lib/python3.7/site-packages/torch/utils/data/_utils/worker.py", line 287, in _worker_loop
    data = fetcher.fetch(index)
  File "/hpc2hdd/home/jpan305/miniconda3/envs/openocc/lib/python3.7/site-packages/torch/utils/data/_utils/fetch.py", line 49, in fetch
    data = [self.dataset[idx] for idx in possibly_batched_index]
  File "/hpc2hdd/home/jpan305/miniconda3/envs/openocc/lib/python3.7/site-packages/torch/utils/data/_utils/fetch.py", line 49, in <listcomp>
    data = [self.dataset[idx] for idx in possibly_batched_index]
  File "/hpc2hdd/home/jpan305/pytorch/MoEOccupancy/projects/mmdet3d_plugin/datasets/nuscenes_lss_dataset.py", line 25, in __getitem__
    data = self.prepare_train_data(idx)
  File "/hpc2hdd/home/jpan305/pytorch/MoEOccupancy/projects/mmdet3d_plugin/datasets/nuscenes_lss_dataset.py", line 46, in prepare_train_data
    example = self.pipeline(input_dict)
  File "/hpc2hdd/home/jpan305/miniconda3/envs/openocc/lib/python3.7/site-packages/mmdet/datasets/pipelines/compose.py", line 40, in __call__
    data = t(data)
  File "/hpc2hdd/home/jpan305/pytorch/MoEOccupancy/projects/mmdet3d_plugin/datasets/pipelines/lidar2depth.py", line 86, in __call__
    if results['camera_used'] == False:
KeyError: 'camera_used'

Traceback (most recent call last):
  File "tools/train.py", line 263, in <module>
    main()
  File "tools/train.py", line 259, in main
    meta=meta)
  File "/hpc2hdd/home/jpan305/pytorch/MoEOccupancy/projects/mmdet3d_plugin/occformer/apis/train.py", line 35, in custom_train_model
    meta=meta)
  File "/hpc2hdd/home/jpan305/pytorch/MoEOccupancy/projects/mmdet3d_plugin/occformer/apis/mmdet_train.py", line 199, in custom_train_detector
    runner.run(data_loaders, cfg.workflow)
  File "/hpc2hdd/home/jpan305/miniconda3/envs/openocc/lib/python3.7/site-packages/mmcv/runner/epoch_based_runner.py", line 127, in run
    epoch_runner(data_loaders[i], **kwargs)
  File "/hpc2hdd/home/jpan305/miniconda3/envs/openocc/lib/python3.7/site-packages/mmcv/runner/epoch_based_runner.py", line 47, in train
    for i, data_batch in enumerate(self.data_loader):
  File "/hpc2hdd/home/jpan305/miniconda3/envs/openocc/lib/python3.7/site-packages/torch/utils/data/dataloader.py", line 521, in __next__
    data = self._next_data()
  File "/hpc2hdd/home/jpan305/miniconda3/envs/openocc/lib/python3.7/site-packages/torch/utils/data/dataloader.py", line 1203, in _next_data
    return self._process_data(data)
  File "/hpc2hdd/home/jpan305/miniconda3/envs/openocc/lib/python3.7/site-packages/torch/utils/data/dataloader.py", line 1229, in _process_data
    data.reraise()
  File "/hpc2hdd/home/jpan305/miniconda3/envs/openocc/lib/python3.7/site-packages/torch/_utils.py", line 434, in reraise
    raise exception
KeyError: Caught KeyError in DataLoader worker process 0.
Original Traceback (most recent call last):
  File "/hpc2hdd/home/jpan305/miniconda3/envs/openocc/lib/python3.7/site-packages/torch/utils/data/_utils/worker.py", line 287, in _worker_loop
    data = fetcher.fetch(index)
  File "/hpc2hdd/home/jpan305/miniconda3/envs/openocc/lib/python3.7/site-packages/torch/utils/data/_utils/fetch.py", line 49, in fetch
    data = [self.dataset[idx] for idx in possibly_batched_index]
  File "/hpc2hdd/home/jpan305/miniconda3/envs/openocc/lib/python3.7/site-packages/torch/utils/data/_utils/fetch.py", line 49, in <listcomp>
    data = [self.dataset[idx] for idx in possibly_batched_index]
  File "/hpc2hdd/home/jpan305/pytorch/MoEOccupancy/projects/mmdet3d_plugin/datasets/nuscenes_lss_dataset.py", line 25, in __getitem__
    data = self.prepare_train_data(idx)
  File "/hpc2hdd/home/jpan305/pytorch/MoEOccupancy/projects/mmdet3d_plugin/datasets/nuscenes_lss_dataset.py", line 46, in prepare_train_data
    example = self.pipeline(input_dict)
  File "/hpc2hdd/home/jpan305/miniconda3/envs/openocc/lib/python3.7/site-packages/mmdet/datasets/pipelines/compose.py", line 40, in __call__
    data = t(data)
  File "/hpc2hdd/home/jpan305/pytorch/MoEOccupancy/projects/mmdet3d_plugin/datasets/pipelines/lidar2depth.py", line 86, in __call__
    if results['camera_used'] == False:
KeyError: 'camera_used'

Traceback (most recent call last):
  File "tools/train.py", line 263, in <module>
    main()
  File "tools/train.py", line 259, in main
    meta=meta)
  File "/hpc2hdd/home/jpan305/pytorch/MoEOccupancy/projects/mmdet3d_plugin/occformer/apis/train.py", line 35, in custom_train_model
    meta=meta)
  File "/hpc2hdd/home/jpan305/pytorch/MoEOccupancy/projects/mmdet3d_plugin/occformer/apis/mmdet_train.py", line 199, in custom_train_detector
    runner.run(data_loaders, cfg.workflow)
  File "/hpc2hdd/home/jpan305/miniconda3/envs/openocc/lib/python3.7/site-packages/mmcv/runner/epoch_based_runner.py", line 127, in run
    epoch_runner(data_loaders[i], **kwargs)
  File "/hpc2hdd/home/jpan305/miniconda3/envs/openocc/lib/python3.7/site-packages/mmcv/runner/epoch_based_runner.py", line 47, in train
    for i, data_batch in enumerate(self.data_loader):
  File "/hpc2hdd/home/jpan305/miniconda3/envs/openocc/lib/python3.7/site-packages/torch/utils/data/dataloader.py", line 521, in __next__
    data = self._next_data()
  File "/hpc2hdd/home/jpan305/miniconda3/envs/openocc/lib/python3.7/site-packages/torch/utils/data/dataloader.py", line 1203, in _next_data
    return self._process_data(data)
  File "/hpc2hdd/home/jpan305/miniconda3/envs/openocc/lib/python3.7/site-packages/torch/utils/data/dataloader.py", line 1229, in _process_data
    data.reraise()
  File "/hpc2hdd/home/jpan305/miniconda3/envs/openocc/lib/python3.7/site-packages/torch/_utils.py", line 434, in reraise
    raise exception
KeyError: Caught KeyError in DataLoader worker process 0.
Original Traceback (most recent call last):
  File "/hpc2hdd/home/jpan305/miniconda3/envs/openocc/lib/python3.7/site-packages/torch/utils/data/_utils/worker.py", line 287, in _worker_loop
    data = fetcher.fetch(index)
  File "/hpc2hdd/home/jpan305/miniconda3/envs/openocc/lib/python3.7/site-packages/torch/utils/data/_utils/fetch.py", line 49, in fetch
    data = [self.dataset[idx] for idx in possibly_batched_index]
  File "/hpc2hdd/home/jpan305/miniconda3/envs/openocc/lib/python3.7/site-packages/torch/utils/data/_utils/fetch.py", line 49, in <listcomp>
    data = [self.dataset[idx] for idx in possibly_batched_index]
  File "/hpc2hdd/home/jpan305/pytorch/MoEOccupancy/projects/mmdet3d_plugin/datasets/nuscenes_lss_dataset.py", line 25, in __getitem__
    data = self.prepare_train_data(idx)
  File "/hpc2hdd/home/jpan305/pytorch/MoEOccupancy/projects/mmdet3d_plugin/datasets/nuscenes_lss_dataset.py", line 46, in prepare_train_data
    example = self.pipeline(input_dict)
  File "/hpc2hdd/home/jpan305/miniconda3/envs/openocc/lib/python3.7/site-packages/mmdet/datasets/pipelines/compose.py", line 40, in __call__
    data = t(data)
  File "/hpc2hdd/home/jpan305/pytorch/MoEOccupancy/projects/mmdet3d_plugin/datasets/pipelines/lidar2depth.py", line 86, in __call__
    if results['camera_used'] == False:
KeyError: 'camera_used'

Traceback (most recent call last):
  File "tools/train.py", line 263, in <module>
    main()
  File "tools/train.py", line 259, in main
    meta=meta)
  File "/hpc2hdd/home/jpan305/pytorch/MoEOccupancy/projects/mmdet3d_plugin/occformer/apis/train.py", line 35, in custom_train_model
    meta=meta)
  File "/hpc2hdd/home/jpan305/pytorch/MoEOccupancy/projects/mmdet3d_plugin/occformer/apis/mmdet_train.py", line 199, in custom_train_detector
    runner.run(data_loaders, cfg.workflow)
  File "/hpc2hdd/home/jpan305/miniconda3/envs/openocc/lib/python3.7/site-packages/mmcv/runner/epoch_based_runner.py", line 127, in run
    epoch_runner(data_loaders[i], **kwargs)
  File "/hpc2hdd/home/jpan305/miniconda3/envs/openocc/lib/python3.7/site-packages/mmcv/runner/epoch_based_runner.py", line 47, in train
    for i, data_batch in enumerate(self.data_loader):
  File "/hpc2hdd/home/jpan305/miniconda3/envs/openocc/lib/python3.7/site-packages/torch/utils/data/dataloader.py", line 521, in __next__
    data = self._next_data()
  File "/hpc2hdd/home/jpan305/miniconda3/envs/openocc/lib/python3.7/site-packages/torch/utils/data/dataloader.py", line 1203, in _next_data
    return self._process_data(data)
  File "/hpc2hdd/home/jpan305/miniconda3/envs/openocc/lib/python3.7/site-packages/torch/utils/data/dataloader.py", line 1229, in _process_data
    data.reraise()
  File "/hpc2hdd/home/jpan305/miniconda3/envs/openocc/lib/python3.7/site-packages/torch/_utils.py", line 434, in reraise
    raise exception
KeyError: Caught KeyError in DataLoader worker process 0.
Original Traceback (most recent call last):
  File "/hpc2hdd/home/jpan305/miniconda3/envs/openocc/lib/python3.7/site-packages/torch/utils/data/_utils/worker.py", line 287, in _worker_loop
    data = fetcher.fetch(index)
  File "/hpc2hdd/home/jpan305/miniconda3/envs/openocc/lib/python3.7/site-packages/torch/utils/data/_utils/fetch.py", line 49, in fetch
    data = [self.dataset[idx] for idx in possibly_batched_index]
  File "/hpc2hdd/home/jpan305/miniconda3/envs/openocc/lib/python3.7/site-packages/torch/utils/data/_utils/fetch.py", line 49, in <listcomp>
    data = [self.dataset[idx] for idx in possibly_batched_index]
  File "/hpc2hdd/home/jpan305/pytorch/MoEOccupancy/projects/mmdet3d_plugin/datasets/nuscenes_lss_dataset.py", line 25, in __getitem__
    data = self.prepare_train_data(idx)
  File "/hpc2hdd/home/jpan305/pytorch/MoEOccupancy/projects/mmdet3d_plugin/datasets/nuscenes_lss_dataset.py", line 46, in prepare_train_data
    example = self.pipeline(input_dict)
  File "/hpc2hdd/home/jpan305/miniconda3/envs/openocc/lib/python3.7/site-packages/mmdet/datasets/pipelines/compose.py", line 40, in __call__
    data = t(data)
  File "/hpc2hdd/home/jpan305/pytorch/MoEOccupancy/projects/mmdet3d_plugin/datasets/pipelines/lidar2depth.py", line 86, in __call__
    if results['camera_used'] == False:
KeyError: 'camera_used'

ERROR:torch.distributed.elastic.multiprocessing.api:failed (exitcode: 1) local_rank: 0 (pid: 2019237) of binary: /hpc2hdd/home/jpan305/miniconda3/envs/openocc/bin/python
Traceback (most recent call last):
  File "/hpc2hdd/home/jpan305/miniconda3/envs/openocc/lib/python3.7/runpy.py", line 193, in _run_module_as_main
    "__main__", mod_spec)
  File "/hpc2hdd/home/jpan305/miniconda3/envs/openocc/lib/python3.7/runpy.py", line 85, in _run_code
    exec(code, run_globals)
  File "/hpc2hdd/home/jpan305/miniconda3/envs/openocc/lib/python3.7/site-packages/torch/distributed/launch.py", line 193, in <module>
    main()
  File "/hpc2hdd/home/jpan305/miniconda3/envs/openocc/lib/python3.7/site-packages/torch/distributed/launch.py", line 189, in main
    launch(args)
  File "/hpc2hdd/home/jpan305/miniconda3/envs/openocc/lib/python3.7/site-packages/torch/distributed/launch.py", line 174, in launch
    run(args)
  File "/hpc2hdd/home/jpan305/miniconda3/envs/openocc/lib/python3.7/site-packages/torch/distributed/run.py", line 713, in run
    )(*cmd_args)
  File "/hpc2hdd/home/jpan305/miniconda3/envs/openocc/lib/python3.7/site-packages/torch/distributed/launcher/api.py", line 131, in __call__
    return launch_agent(self._config, self._entrypoint, list(args))
  File "/hpc2hdd/home/jpan305/miniconda3/envs/openocc/lib/python3.7/site-packages/torch/distributed/launcher/api.py", line 261, in launch_agent
    failures=result.failures,
torch.distributed.elastic.multiprocessing.errors.ChildFailedError: 
============================================================
tools/train.py FAILED
------------------------------------------------------------
Failures:
[1]:
  time      : 2023-10-25_09:10:26
  host      : gpu3-13.hkust-gz.edu.cn
  rank      : 1 (local_rank: 1)
  exitcode  : 1 (pid: 2019240)
  error_file: <N/A>
  traceback : To enable traceback see: https://pytorch.org/docs/stable/elastic/errors.html
[2]:
  time      : 2023-10-25_09:10:26
  host      : gpu3-13.hkust-gz.edu.cn
  rank      : 2 (local_rank: 2)
  exitcode  : 1 (pid: 2019241)
  error_file: <N/A>
  traceback : To enable traceback see: https://pytorch.org/docs/stable/elastic/errors.html
[3]:
  time      : 2023-10-25_09:10:26
  host      : gpu3-13.hkust-gz.edu.cn
  rank      : 3 (local_rank: 3)
  exitcode  : 1 (pid: 2019242)
  error_file: <N/A>
  traceback : To enable traceback see: https://pytorch.org/docs/stable/elastic/errors.html
[4]:
  time      : 2023-10-25_09:10:26
  host      : gpu3-13.hkust-gz.edu.cn
  rank      : 4 (local_rank: 4)
  exitcode  : 1 (pid: 2019243)
  error_file: <N/A>
  traceback : To enable traceback see: https://pytorch.org/docs/stable/elastic/errors.html
[5]:
  time      : 2023-10-25_09:10:26
  host      : gpu3-13.hkust-gz.edu.cn
  rank      : 5 (local_rank: 5)
  exitcode  : 1 (pid: 2019244)
  error_file: <N/A>
  traceback : To enable traceback see: https://pytorch.org/docs/stable/elastic/errors.html
[6]:
  time      : 2023-10-25_09:10:26
  host      : gpu3-13.hkust-gz.edu.cn
  rank      : 6 (local_rank: 6)
  exitcode  : 1 (pid: 2019245)
  error_file: <N/A>
  traceback : To enable traceback see: https://pytorch.org/docs/stable/elastic/errors.html
[7]:
  time      : 2023-10-25_09:10:26
  host      : gpu3-13.hkust-gz.edu.cn
  rank      : 7 (local_rank: 7)
  exitcode  : 1 (pid: 2019246)
  error_file: <N/A>
  traceback : To enable traceback see: https://pytorch.org/docs/stable/elastic/errors.html
------------------------------------------------------------
Root Cause (first observed failure):
[0]:
  time      : 2023-10-25_09:10:26
  host      : gpu3-13.hkust-gz.edu.cn
  rank      : 0 (local_rank: 0)
  exitcode  : 1 (pid: 2019237)
  error_file: <N/A>
  traceback : To enable traceback see: https://pytorch.org/docs/stable/elastic/errors.html
============================================================
