-------------------------------------------------------------------
/usr/local/Modules/modulefiles/cuda/11.3:

prepend-path	PATH /hpc2ssd/softwares/cuda/cuda-11.3/bin
prepend-path	LD_LIBRARY_PATH /hpc2ssd/softwares/cuda/cuda-11.3/lib64
-------------------------------------------------------------------
No CUDA runtime is found, using CUDA_HOME='/hpc2ssd/softwares/cuda/cuda-11.3'
Compiling sparse_conv_ext without CUDA
Compiling iou3d_cuda without CUDA
Compiling voxel_layer without CUDA
Compiling roiaware_pool3d_ext without CUDA
Compiling ball_query_ext without CUDA
Compiling knn_ext without CUDA
Compiling assign_score_withk_ext without CUDA
Compiling group_points_ext without CUDA
Compiling interpolate_ext without CUDA
Compiling furthest_point_sample_ext without CUDA
Compiling gather_points_ext without CUDA
Compiling bev_pool_ext without CUDA
Compiling voxel_pooling_ext without CUDA
Compiling voxel_pooling_stereo_ext without CUDA
running develop
running egg_info
writing mmdet3d.egg-info/PKG-INFO
writing dependency_links to mmdet3d.egg-info/dependency_links.txt
writing requirements to mmdet3d.egg-info/requires.txt
writing top-level names to mmdet3d.egg-info/top_level.txt
reading manifest file 'mmdet3d.egg-info/SOURCES.txt'
reading manifest template 'MANIFEST.in'
adding license file 'LICENSE'
writing manifest file 'mmdet3d.egg-info/SOURCES.txt'
running build_ext
building 'mmdet3d.ops.spconv.sparse_conv_ext' extension
