nvcc: NVIDIA (R) Cuda compiler driver
Copyright (c) 2005-2021 NVIDIA Corporation
Built on Mon_May__3_19:15:13_PDT_2021
Cuda compilation tools, release 11.3, V11.3.109
Build cuda_11.3.r11.3/compiler.29920130_0
Sat Oct 28 13:19:14 2023       
+---------------------------------------------------------------------------------------+
| NVIDIA-SMI 535.54.03              Driver Version: 535.54.03    CUDA Version: 12.2     |
|-----------------------------------------+----------------------+----------------------+
| GPU  Name                 Persistence-M | Bus-Id        Disp.A | Volatile Uncorr. ECC |
| Fan  Temp   Perf          Pwr:Usage/Cap |         Memory-Usage | GPU-Util  Compute M. |
|                                         |                      |               MIG M. |
|=========================================+======================+======================|
|   0  NVIDIA A800-SXM4-80GB          Off | 00000000:1F:00.0 Off |                    0 |
| N/A   22C    P0              57W / 400W |      2MiB / 81920MiB |      0%      Default |
|                                         |                      |             Disabled |
+-----------------------------------------+----------------------+----------------------+
|   1  NVIDIA A800-SXM4-80GB          Off | 00000000:25:00.0 Off |                    0 |
| N/A   26C    P0              57W / 400W |      2MiB / 81920MiB |      0%      Default |
|                                         |                      |             Disabled |
+-----------------------------------------+----------------------+----------------------+
|   2  NVIDIA A800-SXM4-80GB          Off | 00000000:50:00.0 Off |                    0 |
| N/A   26C    P0              58W / 400W |      2MiB / 81920MiB |      0%      Default |
|                                         |                      |             Disabled |
+-----------------------------------------+----------------------+----------------------+
|   3  NVIDIA A800-SXM4-80GB          Off | 00000000:55:00.0 Off |                    0 |
| N/A   24C    P0              60W / 400W |      2MiB / 81920MiB |      0%      Default |
|                                         |                      |             Disabled |
+-----------------------------------------+----------------------+----------------------+
|   4  NVIDIA A800-SXM4-80GB          Off | 00000000:8D:00.0 Off |                    0 |
| N/A   23C    P0              58W / 400W |      2MiB / 81920MiB |      0%      Default |
|                                         |                      |             Disabled |
+-----------------------------------------+----------------------+----------------------+
|   5  NVIDIA A800-SXM4-80GB          Off | 00000000:92:00.0 Off |                    0 |
| N/A   26C    P0              58W / 400W |      2MiB / 81920MiB |      0%      Default |
|                                         |                      |             Disabled |
+-----------------------------------------+----------------------+----------------------+
|   6  NVIDIA A800-SXM4-80GB          Off | 00000000:C9:00.0 Off |                    0 |
| N/A   27C    P0              57W / 400W |      2MiB / 81920MiB |      0%      Default |
|                                         |                      |             Disabled |
+-----------------------------------------+----------------------+----------------------+
|   7  NVIDIA A800-SXM4-80GB          Off | 00000000:CF:00.0 Off |                    0 |
| N/A   23C    P0              56W / 400W |      2MiB / 81920MiB |      0%      Default |
|                                         |                      |             Disabled |
+-----------------------------------------+----------------------+----------------------+
                                                                                         
+---------------------------------------------------------------------------------------+
| Processes:                                                                            |
|  GPU   GI   CI        PID   Type   Process name                            GPU Memory |
|        ID   ID                                                             Usage      |
|=======================================================================================|
|  No running processes found                                                           |
+---------------------------------------------------------------------------------------+
projects.mmdet3d_pluginprojects.mmdet3d_plugin
projects.mmdet3d_plugin
projects.mmdet3d_plugin

projects.mmdet3d_plugin
projects.mmdet3d_plugin
projects.mmdet3d_pluginprojects.mmdet3d_plugin

