/hpc2hdd/home/jpan305/miniconda3/envs/openocc/lib/python3.7/site-packages/setuptools/command/easy_install.py:159: EasyInstallDeprecationWarning: easy_install command is deprecated. Use build and pip and other standards-based tools.
  EasyInstallDeprecationWarning,
/hpc2hdd/home/jpan305/miniconda3/envs/openocc/lib/python3.7/site-packages/setuptools/command/install.py:37: SetuptoolsDeprecationWarning: setup.py install is deprecated. Use build and pip and other standards-based tools.
  setuptools.SetuptoolsDeprecationWarning,
warning: no files found matching '*.cpp' under directory 'mmdet3d/.mim/ops'
warning: no files found matching '*.cu' under directory 'mmdet3d/.mim/ops'
warning: no files found matching '*.h' under directory 'mmdet3d/.mim/ops'
warning: no files found matching '*.cc' under directory 'mmdet3d/.mim/ops'
Traceback (most recent call last):
  File "setup.py", line 330, in <module>
    zip_safe=False)
  File "/hpc2hdd/home/jpan305/miniconda3/envs/openocc/lib/python3.7/site-packages/setuptools/__init__.py", line 153, in setup
    return distutils.core.setup(**attrs)
  File "/hpc2hdd/home/jpan305/miniconda3/envs/openocc/lib/python3.7/distutils/core.py", line 148, in setup
    dist.run_commands()
  File "/hpc2hdd/home/jpan305/miniconda3/envs/openocc/lib/python3.7/distutils/dist.py", line 966, in run_commands
    self.run_command(cmd)
  File "/hpc2hdd/home/jpan305/miniconda3/envs/openocc/lib/python3.7/distutils/dist.py", line 985, in run_command
    cmd_obj.run()
  File "/hpc2hdd/home/jpan305/miniconda3/envs/openocc/lib/python3.7/site-packages/setuptools/command/develop.py", line 34, in run
    self.install_for_development()
  File "/hpc2hdd/home/jpan305/miniconda3/envs/openocc/lib/python3.7/site-packages/setuptools/command/develop.py", line 114, in install_for_development
    self.run_command('build_ext')
  File "/hpc2hdd/home/jpan305/miniconda3/envs/openocc/lib/python3.7/distutils/cmd.py", line 313, in run_command
    self.distribution.run_command(command)
  File "/hpc2hdd/home/jpan305/miniconda3/envs/openocc/lib/python3.7/distutils/dist.py", line 985, in run_command
    cmd_obj.run()
  File "/hpc2hdd/home/jpan305/miniconda3/envs/openocc/lib/python3.7/site-packages/setuptools/command/build_ext.py", line 79, in run
    _build_ext.run(self)
  File "/hpc2hdd/home/jpan305/miniconda3/envs/openocc/lib/python3.7/distutils/command/build_ext.py", line 339, in run
    self.build_extensions()
  File "/hpc2hdd/home/jpan305/miniconda3/envs/openocc/lib/python3.7/site-packages/torch/utils/cpp_extension.py", line 735, in build_extensions
    build_ext.build_extensions(self)
  File "/hpc2hdd/home/jpan305/miniconda3/envs/openocc/lib/python3.7/distutils/command/build_ext.py", line 448, in build_extensions
    self._build_extensions_serial()
  File "/hpc2hdd/home/jpan305/miniconda3/envs/openocc/lib/python3.7/distutils/command/build_ext.py", line 473, in _build_extensions_serial
    self.build_extension(ext)
  File "/hpc2hdd/home/jpan305/miniconda3/envs/openocc/lib/python3.7/site-packages/setuptools/command/build_ext.py", line 202, in build_extension
    _build_ext.build_extension(self, ext)
  File "/hpc2hdd/home/jpan305/miniconda3/envs/openocc/lib/python3.7/distutils/command/build_ext.py", line 533, in build_extension
    depends=ext.depends)
  File "/hpc2hdd/home/jpan305/miniconda3/envs/openocc/lib/python3.7/site-packages/torch/utils/cpp_extension.py", line 551, in unix_wrap_ninja_compile
    cuda_post_cflags = unix_cuda_flags(cuda_post_cflags)
  File "/hpc2hdd/home/jpan305/miniconda3/envs/openocc/lib/python3.7/site-packages/torch/utils/cpp_extension.py", line 450, in unix_cuda_flags
    cflags + _get_cuda_arch_flags(cflags))
  File "/hpc2hdd/home/jpan305/miniconda3/envs/openocc/lib/python3.7/site-packages/torch/utils/cpp_extension.py", line 1606, in _get_cuda_arch_flags
    arch_list[-1] += '+PTX'
IndexError: list index out of range
