nvcc: NVIDIA (R) Cuda compiler driver
Copyright (c) 2005-2021 NVIDIA Corporation
Built on Mon_May__3_19:15:13_PDT_2021
Cuda compilation tools, release 11.3, V11.3.109
Build cuda_11.3.r11.3/compiler.29920130_0
No devices were found
No CUDA runtime is found, using CUDA_HOME='/hpc2ssd/softwares/cuda/cuda-11.3'
No CUDA runtime is found, using CUDA_HOME='/hpc2ssd/softwares/cuda/cuda-11.3'
No CUDA runtime is found, using CUDA_HOME='/hpc2ssd/softwares/cuda/cuda-11.3'
No CUDA runtime is found, using CUDA_HOME='/hpc2ssd/softwares/cuda/cuda-11.3'
No CUDA runtime is found, using CUDA_HOME='/hpc2ssd/softwares/cuda/cuda-11.3'
No CUDA runtime is found, using CUDA_HOME='/hpc2ssd/softwares/cuda/cuda-11.3'
No CUDA runtime is found, using CUDA_HOME='/hpc2ssd/softwares/cuda/cuda-11.3'
No CUDA runtime is found, using CUDA_HOME='/hpc2ssd/softwares/cuda/cuda-11.3'
projects.mmdet3d_plugin
projects.mmdet3d_plugin
projects.mmdet3d_plugin
projects.mmdet3d_plugin
projects.mmdet3d_plugin
projects.mmdet3d_plugin
projects.mmdet3d_plugin
projects.mmdet3d_plugin
