nvcc: NVIDIA (R) Cuda compiler driver
Copyright (c) 2005-2021 NVIDIA Corporation
Built on Mon_May__3_19:15:13_PDT_2021
Cuda compilation tools, release 11.3, V11.3.109
Build cuda_11.3.r11.3/compiler.29920130_0
Thu Oct 12 14:33:58 2023       
+---------------------------------------------------------------------------------------+
| NVIDIA-SMI 535.54.03              Driver Version: 535.54.03    CUDA Version: 12.2     |
|-----------------------------------------+----------------------+----------------------+
| GPU  Name                 Persistence-M | Bus-Id        Disp.A | Volatile Uncorr. ECC |
| Fan  Temp   Perf          Pwr:Usage/Cap |         Memory-Usage | GPU-Util  Compute M. |
|                                         |                      |               MIG M. |
|=========================================+======================+======================|
|   0  NVIDIA A40                     Off | 00000000:35:00.0 Off |                    0 |
|  0%   62C    P0              96W / 300W |     37MiB / 46068MiB |      0%      Default |
|                                         |                      |                  N/A |
+-----------------------------------------+----------------------+----------------------+
|   1  NVIDIA A40                     Off | 00000000:36:00.0 Off |                    0 |
|  0%   62C    P0              94W / 300W |     36MiB / 46068MiB |      0%      Default |
|                                         |                      |                  N/A |
+-----------------------------------------+----------------------+----------------------+
|   2  NVIDIA A40                     Off | 00000000:39:00.0 Off |                    0 |
|  0%   59C    P0              92W / 300W |     36MiB / 46068MiB |      0%      Default |
|                                         |                      |                  N/A |
+-----------------------------------------+----------------------+----------------------+
|   3  NVIDIA A40                     Off | 00000000:3D:00.0 Off |                    0 |
|  0%   57C    P0              64W / 300W |     36MiB / 46068MiB |      0%      Default |
|                                         |                      |                  N/A |
+-----------------------------------------+----------------------+----------------------+
|   4  NVIDIA A40                     Off | 00000000:CE:00.0 Off |                    0 |
|  0%   59C    P0              89W / 300W |     36MiB / 46068MiB |      0%      Default |
|                                         |                      |                  N/A |
+-----------------------------------------+----------------------+----------------------+
|   5  NVIDIA A40                     Off | 00000000:CF:00.0 Off |                    0 |
|  0%   62C    P0              71W / 300W |     36MiB / 46068MiB |      0%      Default |
|                                         |                      |                  N/A |
+-----------------------------------------+----------------------+----------------------+
|   6  NVIDIA A40                     Off | 00000000:D2:00.0 Off |                    0 |
|  0%   63C    P0              94W / 300W |     36MiB / 46068MiB |      0%      Default |
|                                         |                      |                  N/A |
+-----------------------------------------+----------------------+----------------------+
|   7  NVIDIA A40                     Off | 00000000:D6:00.0 Off |                    0 |
|  0%   60C    P0              76W / 300W |     36MiB / 46068MiB |      0%      Default |
|                                         |                      |                  N/A |
+-----------------------------------------+----------------------+----------------------+
                                                                                         
+---------------------------------------------------------------------------------------+
| Processes:                                                                            |
|  GPU   GI   CI        PID   Type   Process name                            GPU Memory |
|        ID   ID                                                             Usage      |
|=======================================================================================|
|    0   N/A  N/A      2760      G   /usr/lib/xorg/Xorg                           23MiB |
|    1   N/A  N/A      2760      G   /usr/lib/xorg/Xorg                           22MiB |
|    2   N/A  N/A      2760      G   /usr/lib/xorg/Xorg                           22MiB |
|    3   N/A  N/A      2760      G   /usr/lib/xorg/Xorg                           22MiB |
|    4   N/A  N/A      2760      G   /usr/lib/xorg/Xorg                           22MiB |
|    5   N/A  N/A      2760      G   /usr/lib/xorg/Xorg                           22MiB |
|    6   N/A  N/A      2760      G   /usr/lib/xorg/Xorg                           22MiB |
|    7   N/A  N/A      2760      G   /usr/lib/xorg/Xorg                           22MiB |
+---------------------------------------------------------------------------------------+
projects.mmdet3d_plugin
projects.mmdet3d_plugin
projects.mmdet3d_pluginprojects.mmdet3d_plugin
projects.mmdet3d_plugin
projects.mmdet3d_plugin

projects.mmdet3d_pluginprojects.mmdet3d_plugin

